{"C:\\Users\\ZBook\\Documents\\devC-Project\\src\\server.js":{"path":"C:\\Users\\ZBook\\Documents\\devC-Project\\src\\server.js","statementMap":{"0":{"start":{"line":3,"column":0},"end":{"line":5,"column":3}},"1":{"start":{"line":6,"column":0},"end":{"line":6,"column":28}},"2":{"start":{"line":8,"column":0},"end":{"line":8,"column":27}},"3":{"start":{"line":10,"column":15},"end":{"line":10,"column":57}},"4":{"start":{"line":12,"column":18},"end":{"line":12,"column":64}},"5":{"start":{"line":14,"column":23},"end":{"line":14,"column":81}},"6":{"start":{"line":16,"column":21},"end":{"line":16,"column":78}},"7":{"start":{"line":18,"column":16},"end":{"line":18,"column":68}},"8":{"start":{"line":20,"column":20},"end":{"line":20,"column":76}},"9":{"start":{"line":22,"column":20},"end":{"line":22,"column":76}},"10":{"start":{"line":24,"column":39},"end":{"line":24,"column":95}},"11":{"start":{"line":26,"column":10},"end":{"line":26,"column":36}},"12":{"start":{"line":27,"column":0},"end":{"line":27,"column":39}},"13":{"start":{"line":28,"column":0},"end":{"line":30,"column":4}},"14":{"start":{"line":31,"column":0},"end":{"line":31,"column":46}},"15":{"start":{"line":32,"column":0},"end":{"line":32,"column":41}},"16":{"start":{"line":33,"column":0},"end":{"line":33,"column":45}},"17":{"start":{"line":34,"column":0},"end":{"line":34,"column":45}},"18":{"start":{"line":35,"column":0},"end":{"line":40,"column":3}},"19":{"start":{"line":36,"column":2},"end":{"line":36,"column":52}},"20":{"start":{"line":37,"column":2},"end":{"line":37,"column":79}},"21":{"start":{"line":38,"column":2},"end":{"line":38,"column":81}},"22":{"start":{"line":39,"column":2},"end":{"line":39,"column":9}},"23":{"start":{"line":41,"column":0},"end":{"line":41,"column":43}},"24":{"start":{"line":42,"column":0},"end":{"line":44,"column":3}},"25":{"start":{"line":43,"column":2},"end":{"line":43,"column":45}},"26":{"start":{"line":45,"column":15},"end":{"line":45,"column":18}},"27":{"start":{"line":46,"column":0},"end":{"line":46,"column":30}}},"fnMap":{"0":{"name":"_interopRequireDefault","decl":{"start":{"line":24,"column":9},"end":{"line":24,"column":31}},"loc":{"start":{"line":24,"column":37},"end":{"line":24,"column":97}},"line":24},"1":{"name":"(anonymous_1)","decl":{"start":{"line":35,"column":8},"end":{"line":35,"column":9}},"loc":{"start":{"line":35,"column":34},"end":{"line":40,"column":1}},"line":35},"2":{"name":"(anonymous_2)","decl":{"start":{"line":42,"column":17},"end":{"line":42,"column":18}},"loc":{"start":{"line":42,"column":29},"end":{"line":44,"column":1}},"line":42}},"branchMap":{"0":{"loc":{"start":{"line":24,"column":46},"end":{"line":24,"column":94}},"type":"cond-expr","locations":[{"start":{"line":24,"column":70},"end":{"line":24,"column":73}},{"start":{"line":24,"column":76},"end":{"line":24,"column":94}}],"line":24},"1":{"loc":{"start":{"line":24,"column":46},"end":{"line":24,"column":67}},"type":"binary-expr","locations":[{"start":{"line":24,"column":46},"end":{"line":24,"column":49}},{"start":{"line":24,"column":53},"end":{"line":24,"column":67}}],"line":24}},"s":{"0":1,"1":1,"2":1,"3":1,"4":1,"5":1,"6":1,"7":1,"8":1,"9":1,"10":7,"11":1,"12":1,"13":1,"14":1,"15":1,"16":1,"17":1,"18":1,"19":0,"20":0,"21":0,"22":0,"23":1,"24":1,"25":1,"26":1,"27":1},"f":{"0":7,"1":0,"2":1},"b":{"0":[5,2],"1":[7,7]},"_coverageSchema":"43e27e138ebf9cfc5966b082cf9a028302ed4184","hash":"e491c3dae5c332dc1e38b7f424c3a52300cf03cd","contentHash":"038dcb169f7066c8d1059439d0d9bfc98ee9c9d373bc1a5c01e765c5499d6b17"},"C:\\Users\\ZBook\\Documents\\devC-Project\\src\\Utils\\feedbackHandler.js":{"path":"C:\\Users\\ZBook\\Documents\\devC-Project\\src\\Utils\\feedbackHandler.js","statementMap":{"0":{"start":{"line":3,"column":0},"end":{"line":5,"column":3}},"1":{"start":{"line":6,"column":0},"end":{"line":6,"column":28}},"2":{"start":{"line":8,"column":50},"end":{"line":8,"column":151}},"3":{"start":{"line":8,"column":92},"end":{"line":8,"column":149}},"4":{"start":{"line":10,"column":44},"end":{"line":10,"column":315}},"5":{"start":{"line":10,"column":57},"end":{"line":10,"column":58}},"6":{"start":{"line":10,"column":102},"end":{"line":10,"column":110}},"7":{"start":{"line":10,"column":112},"end":{"line":10,"column":167}},"8":{"start":{"line":10,"column":168},"end":{"line":10,"column":199}},"9":{"start":{"line":10,"column":200},"end":{"line":10,"column":254}},"10":{"start":{"line":10,"column":227},"end":{"line":10,"column":254}},"11":{"start":{"line":10,"column":255},"end":{"line":10,"column":313}},"12":{"start":{"line":12,"column":62},"end":{"line":12,"column":131}},"13":{"start":{"line":12,"column":78},"end":{"line":12,"column":131}},"14":{"start":{"line":12,"column":132},"end":{"line":12,"column":193}},"15":{"start":{"line":12,"column":149},"end":{"line":12,"column":193}},"16":{"start":{"line":12,"column":194},"end":{"line":12,"column":213}},"17":{"start":{"line":16,"column":0},"end":{"line":37,"column":3}},"18":{"start":{"line":18,"column":4},"end":{"line":18,"column":43}},"19":{"start":{"line":21,"column":2},"end":{"line":34,"column":6}},"20":{"start":{"line":24,"column":24},"end":{"line":24,"column":34}},"21":{"start":{"line":25,"column":19},"end":{"line":25,"column":61}},"22":{"start":{"line":26,"column":20},"end":{"line":26,"column":31}},"23":{"start":{"line":27,"column":18},"end":{"line":27,"column":25}},"24":{"start":{"line":28,"column":6},"end":{"line":28,"column":63}},"25":{"start":{"line":29,"column":6},"end":{"line":32,"column":9}},"26":{"start":{"line":36,"column":2},"end":{"line":36,"column":25}},"27":{"start":{"line":39,"column":15},"end":{"line":39,"column":30}},"28":{"start":{"line":40,"column":0},"end":{"line":40,"column":30}}},"fnMap":{"0":{"name":"_classCallCheck","decl":{"start":{"line":8,"column":9},"end":{"line":8,"column":24}},"loc":{"start":{"line":8,"column":48},"end":{"line":8,"column":153}},"line":8},"1":{"name":"_defineProperties","decl":{"start":{"line":10,"column":9},"end":{"line":10,"column":26}},"loc":{"start":{"line":10,"column":42},"end":{"line":10,"column":317}},"line":10},"2":{"name":"_createClass","decl":{"start":{"line":12,"column":9},"end":{"line":12,"column":21}},"loc":{"start":{"line":12,"column":60},"end":{"line":12,"column":215}},"line":12},"3":{"name":"(anonymous_3)","decl":{"start":{"line":16,"column":0},"end":{"line":16,"column":1}},"loc":{"start":{"line":16,"column":12},"end":{"line":37,"column":1}},"line":16},"4":{"name":"FeedbackHandler","decl":{"start":{"line":17,"column":11},"end":{"line":17,"column":26}},"loc":{"start":{"line":17,"column":29},"end":{"line":19,"column":3}},"line":17},"5":{"name":"error","decl":{"start":{"line":23,"column":20},"end":{"line":23,"column":25}},"loc":{"start":{"line":23,"column":47},"end":{"line":33,"column":5}},"line":23}},"branchMap":{"0":{"loc":{"start":{"line":8,"column":50},"end":{"line":8,"column":151}},"type":"if","locations":[{"start":{"line":8,"column":50},"end":{"line":8,"column":151}},{"start":{"line":8,"column":50},"end":{"line":8,"column":151}}],"line":8},"1":{"loc":{"start":{"line":10,"column":136},"end":{"line":10,"column":166}},"type":"binary-expr","locations":[{"start":{"line":10,"column":136},"end":{"line":10,"column":157}},{"start":{"line":10,"column":161},"end":{"line":10,"column":166}}],"line":10},"2":{"loc":{"start":{"line":10,"column":200},"end":{"line":10,"column":254}},"type":"if","locations":[{"start":{"line":10,"column":200},"end":{"line":10,"column":254}},{"start":{"line":10,"column":200},"end":{"line":10,"column":254}}],"line":10},"3":{"loc":{"start":{"line":12,"column":62},"end":{"line":12,"column":131}},"type":"if","locations":[{"start":{"line":12,"column":62},"end":{"line":12,"column":131}},{"start":{"line":12,"column":62},"end":{"line":12,"column":131}}],"line":12},"4":{"loc":{"start":{"line":12,"column":132},"end":{"line":12,"column":193}},"type":"if","locations":[{"start":{"line":12,"column":132},"end":{"line":12,"column":193}},{"start":{"line":12,"column":132},"end":{"line":12,"column":193}}],"line":12},"5":{"loc":{"start":{"line":25,"column":19},"end":{"line":25,"column":61}},"type":"cond-expr","locations":[{"start":{"line":25,"column":44},"end":{"line":25,"column":47}},{"start":{"line":25,"column":50},"end":{"line":25,"column":61}}],"line":25}},"s":{"0":1,"1":1,"2":0,"3":0,"4":1,"5":1,"6":1,"7":1,"8":1,"9":1,"10":1,"11":1,"12":1,"13":0,"14":1,"15":1,"16":1,"17":1,"18":0,"19":1,"20":1,"21":1,"22":1,"23":1,"24":1,"25":1,"26":1,"27":1,"28":1},"f":{"0":0,"1":1,"2":1,"3":1,"4":0,"5":1},"b":{"0":[0,0],"1":[1,1],"2":[1,0],"3":[0,1],"4":[1,0],"5":[0,1]},"_coverageSchema":"43e27e138ebf9cfc5966b082cf9a028302ed4184","hash":"6d61164c702526048b27e38580bd96557fb5e2b5","contentHash":"a20e8be319f98eebc68446994c10c062f90afc5723fa63cf82d9f3c8aa9f8856"},"C:\\Users\\ZBook\\Documents\\devC-Project\\src\\routes\\employeeRoute.js":{"path":"C:\\Users\\ZBook\\Documents\\devC-Project\\src\\routes\\employeeRoute.js","statementMap":{"0":{"start":{"line":3,"column":0},"end":{"line":5,"column":3}},"1":{"start":{"line":6,"column":0},"end":{"line":6,"column":28}},"2":{"start":{"line":8,"column":15},"end":{"line":8,"column":33}},"3":{"start":{"line":10,"column":26},"end":{"line":10,"column":94}},"4":{"start":{"line":12,"column":39},"end":{"line":12,"column":95}},"5":{"start":{"line":14,"column":13},"end":{"line":14,"column":35}},"6":{"start":{"line":15,"column":0},"end":{"line":15,"column":80}},"7":{"start":{"line":16,"column":0},"end":{"line":16,"column":75}},"8":{"start":{"line":17,"column":15},"end":{"line":17,"column":21}},"9":{"start":{"line":18,"column":0},"end":{"line":18,"column":30}}},"fnMap":{"0":{"name":"_interopRequireDefault","decl":{"start":{"line":12,"column":9},"end":{"line":12,"column":31}},"loc":{"start":{"line":12,"column":37},"end":{"line":12,"column":97}},"line":12}},"branchMap":{"0":{"loc":{"start":{"line":12,"column":46},"end":{"line":12,"column":94}},"type":"cond-expr","locations":[{"start":{"line":12,"column":70},"end":{"line":12,"column":73}},{"start":{"line":12,"column":76},"end":{"line":12,"column":94}}],"line":12},"1":{"loc":{"start":{"line":12,"column":46},"end":{"line":12,"column":67}},"type":"binary-expr","locations":[{"start":{"line":12,"column":46},"end":{"line":12,"column":49}},{"start":{"line":12,"column":53},"end":{"line":12,"column":67}}],"line":12}},"s":{"0":1,"1":1,"2":1,"3":1,"4":1,"5":1,"6":1,"7":1,"8":1,"9":1},"f":{"0":1},"b":{"0":[1,0],"1":[1,1]},"_coverageSchema":"43e27e138ebf9cfc5966b082cf9a028302ed4184","hash":"5cbfa812c9a15e32d362e7ee96473a43dff68914","contentHash":"ae8eea6d337950e12bf5d108b6b5cb374b1189af9979368bf451473e2389b18d"},"C:\\Users\\ZBook\\Documents\\devC-Project\\src\\controllers\\employeeController.js":{"path":"C:\\Users\\ZBook\\Documents\\devC-Project\\src\\controllers\\employeeController.js","statementMap":{"0":{"start":{"line":3,"column":0},"end":{"line":5,"column":3}},"1":{"start":{"line":6,"column":0},"end":{"line":6,"column":28}},"2":{"start":{"line":8,"column":14},"end":{"line":8,"column":55}},"3":{"start":{"line":10,"column":17},"end":{"line":10,"column":71}},"4":{"start":{"line":12,"column":20},"end":{"line":12,"column":82}},"5":{"start":{"line":14,"column":20},"end":{"line":14,"column":83}},"6":{"start":{"line":16,"column":39},"end":{"line":16,"column":95}},"7":{"start":{"line":18,"column":77},"end":{"line":18,"column":175}},"8":{"start":{"line":18,"column":94},"end":{"line":18,"column":107}},"9":{"start":{"line":18,"column":121},"end":{"line":18,"column":131}},"10":{"start":{"line":18,"column":151},"end":{"line":18,"column":165}},"11":{"start":{"line":18,"column":166},"end":{"line":18,"column":173}},"12":{"start":{"line":18,"column":176},"end":{"line":18,"column":263}},"13":{"start":{"line":18,"column":193},"end":{"line":18,"column":208}},"14":{"start":{"line":18,"column":218},"end":{"line":18,"column":261}},"15":{"start":{"line":20,"column":33},"end":{"line":20,"column":387}},"16":{"start":{"line":20,"column":65},"end":{"line":20,"column":69}},"17":{"start":{"line":20,"column":78},"end":{"line":20,"column":87}},"18":{"start":{"line":20,"column":89},"end":{"line":20,"column":384}},"19":{"start":{"line":20,"column":147},"end":{"line":20,"column":167}},"20":{"start":{"line":20,"column":193},"end":{"line":20,"column":264}},"21":{"start":{"line":20,"column":290},"end":{"line":20,"column":360}},"22":{"start":{"line":20,"column":363},"end":{"line":20,"column":380}},"23":{"start":{"line":22,"column":50},"end":{"line":22,"column":151}},"24":{"start":{"line":22,"column":92},"end":{"line":22,"column":149}},"25":{"start":{"line":24,"column":44},"end":{"line":24,"column":315}},"26":{"start":{"line":24,"column":57},"end":{"line":24,"column":58}},"27":{"start":{"line":24,"column":102},"end":{"line":24,"column":110}},"28":{"start":{"line":24,"column":112},"end":{"line":24,"column":167}},"29":{"start":{"line":24,"column":168},"end":{"line":24,"column":199}},"30":{"start":{"line":24,"column":200},"end":{"line":24,"column":254}},"31":{"start":{"line":24,"column":227},"end":{"line":24,"column":254}},"32":{"start":{"line":24,"column":255},"end":{"line":24,"column":313}},"33":{"start":{"line":26,"column":62},"end":{"line":26,"column":131}},"34":{"start":{"line":26,"column":78},"end":{"line":26,"column":131}},"35":{"start":{"line":26,"column":132},"end":{"line":26,"column":193}},"36":{"start":{"line":26,"column":149},"end":{"line":26,"column":193}},"37":{"start":{"line":26,"column":194},"end":{"line":26,"column":213}},"38":{"start":{"line":30,"column":0},"end":{"line":164,"column":3}},"39":{"start":{"line":32,"column":4},"end":{"line":32,"column":46}},"40":{"start":{"line":35,"column":2},"end":{"line":161,"column":6}},"41":{"start":{"line":38,"column":28},"end":{"line":85,"column":9}},"42":{"start":{"line":42,"column":8},"end":{"line":84,"column":37}},"43":{"start":{"line":43,"column":10},"end":{"line":83,"column":11}},"44":{"start":{"line":44,"column":12},"end":{"line":82,"column":13}},"45":{"start":{"line":46,"column":16},"end":{"line":46,"column":34}},"46":{"start":{"line":47,"column":16},"end":{"line":47,"column":34}},"47":{"start":{"line":48,"column":16},"end":{"line":48,"column":70}},"48":{"start":{"line":51,"column":16},"end":{"line":51,"column":41}},"49":{"start":{"line":52,"column":16},"end":{"line":52,"column":34}},"50":{"start":{"line":53,"column":16},"end":{"line":57,"column":19}},"51":{"start":{"line":60,"column":16},"end":{"line":60,"column":38}},"52":{"start":{"line":61,"column":16},"end":{"line":61,"column":62}},"53":{"start":{"line":62,"column":16},"end":{"line":66,"column":18}},"54":{"start":{"line":67,"column":16},"end":{"line":70,"column":19}},"55":{"start":{"line":71,"column":16},"end":{"line":71,"column":35}},"56":{"start":{"line":72,"column":16},"end":{"line":72,"column":22}},"57":{"start":{"line":75,"column":16},"end":{"line":75,"column":35}},"58":{"start":{"line":76,"column":16},"end":{"line":76,"column":51}},"59":{"start":{"line":77,"column":16},"end":{"line":77,"column":34}},"60":{"start":{"line":81,"column":16},"end":{"line":81,"column":39}},"61":{"start":{"line":88,"column":8},"end":{"line":88,"column":54}},"62":{"start":{"line":91,"column":6},"end":{"line":91,"column":28}},"63":{"start":{"line":96,"column":28},"end":{"line":153,"column":9}},"64":{"start":{"line":101,"column":8},"end":{"line":152,"column":38}},"65":{"start":{"line":102,"column":10},"end":{"line":151,"column":11}},"66":{"start":{"line":103,"column":12},"end":{"line":150,"column":13}},"67":{"start":{"line":105,"column":16},"end":{"line":105,"column":93}},"68":{"start":{"line":106,"column":16},"end":{"line":106,"column":35}},"69":{"start":{"line":107,"column":16},"end":{"line":107,"column":35}},"70":{"start":{"line":108,"column":16},"end":{"line":108,"column":65}},"71":{"start":{"line":111,"column":16},"end":{"line":111,"column":42}},"72":{"start":{"line":112,"column":16},"end":{"line":116,"column":19}},"73":{"start":{"line":117,"column":16},"end":{"line":117,"column":35}},"74":{"start":{"line":118,"column":16},"end":{"line":118,"column":79}},"75":{"start":{"line":121,"column":16},"end":{"line":121,"column":44}},"76":{"start":{"line":123,"column":16},"end":{"line":126,"column":17}},"77":{"start":{"line":124,"column":18},"end":{"line":124,"column":38}},"78":{"start":{"line":125,"column":18},"end":{"line":125,"column":24}},"79":{"start":{"line":128,"column":16},"end":{"line":128,"column":121}},"80":{"start":{"line":131,"column":16},"end":{"line":134,"column":18}},"81":{"start":{"line":135,"column":16},"end":{"line":138,"column":19}},"82":{"start":{"line":139,"column":16},"end":{"line":139,"column":36}},"83":{"start":{"line":140,"column":16},"end":{"line":140,"column":22}},"84":{"start":{"line":143,"column":16},"end":{"line":143,"column":36}},"85":{"start":{"line":144,"column":16},"end":{"line":144,"column":53}},"86":{"start":{"line":145,"column":16},"end":{"line":145,"column":35}},"87":{"start":{"line":149,"column":16},"end":{"line":149,"column":40}},"88":{"start":{"line":156,"column":8},"end":{"line":156,"column":54}},"89":{"start":{"line":159,"column":6},"end":{"line":159,"column":28}},"90":{"start":{"line":163,"column":2},"end":{"line":163,"column":28}},"91":{"start":{"line":166,"column":15},"end":{"line":166,"column":33}},"92":{"start":{"line":167,"column":0},"end":{"line":167,"column":30}}},"fnMap":{"0":{"name":"_interopRequireDefault","decl":{"start":{"line":16,"column":9},"end":{"line":16,"column":31}},"loc":{"start":{"line":16,"column":37},"end":{"line":16,"column":97}},"line":16},"1":{"name":"asyncGeneratorStep","decl":{"start":{"line":18,"column":9},"end":{"line":18,"column":27}},"loc":{"start":{"line":18,"column":75},"end":{"line":18,"column":265}},"line":18},"2":{"name":"_asyncToGenerator","decl":{"start":{"line":20,"column":9},"end":{"line":20,"column":26}},"loc":{"start":{"line":20,"column":31},"end":{"line":20,"column":389}},"line":20},"3":{"name":"(anonymous_3)","decl":{"start":{"line":20,"column":40},"end":{"line":20,"column":41}},"loc":{"start":{"line":20,"column":52},"end":{"line":20,"column":386}},"line":20},"4":{"name":"(anonymous_4)","decl":{"start":{"line":20,"column":108},"end":{"line":20,"column":109}},"loc":{"start":{"line":20,"column":135},"end":{"line":20,"column":382}},"line":20},"5":{"name":"_next","decl":{"start":{"line":20,"column":178},"end":{"line":20,"column":183}},"loc":{"start":{"line":20,"column":191},"end":{"line":20,"column":266}},"line":20},"6":{"name":"_throw","decl":{"start":{"line":20,"column":276},"end":{"line":20,"column":282}},"loc":{"start":{"line":20,"column":288},"end":{"line":20,"column":362}},"line":20},"7":{"name":"_classCallCheck","decl":{"start":{"line":22,"column":9},"end":{"line":22,"column":24}},"loc":{"start":{"line":22,"column":48},"end":{"line":22,"column":153}},"line":22},"8":{"name":"_defineProperties","decl":{"start":{"line":24,"column":9},"end":{"line":24,"column":26}},"loc":{"start":{"line":24,"column":42},"end":{"line":24,"column":317}},"line":24},"9":{"name":"_createClass","decl":{"start":{"line":26,"column":9},"end":{"line":26,"column":21}},"loc":{"start":{"line":26,"column":60},"end":{"line":26,"column":215}},"line":26},"10":{"name":"(anonymous_10)","decl":{"start":{"line":30,"column":0},"end":{"line":30,"column":1}},"loc":{"start":{"line":30,"column":12},"end":{"line":164,"column":1}},"line":30},"11":{"name":"EmployeeController","decl":{"start":{"line":31,"column":11},"end":{"line":31,"column":29}},"loc":{"start":{"line":31,"column":32},"end":{"line":33,"column":3}},"line":31},"12":{"name":"(anonymous_12)","decl":{"start":{"line":37,"column":11},"end":{"line":37,"column":12}},"loc":{"start":{"line":37,"column":23},"end":{"line":92,"column":5}},"line":37},"13":{"name":"_callee","decl":{"start":{"line":40,"column":39},"end":{"line":40,"column":46}},"loc":{"start":{"line":40,"column":63},"end":{"line":85,"column":7}},"line":40},"14":{"name":"_callee$","decl":{"start":{"line":42,"column":48},"end":{"line":42,"column":56}},"loc":{"start":{"line":42,"column":67},"end":{"line":84,"column":9}},"line":42},"15":{"name":"createEmployee","decl":{"start":{"line":87,"column":15},"end":{"line":87,"column":29}},"loc":{"start":{"line":87,"column":44},"end":{"line":89,"column":7}},"line":87},"16":{"name":"(anonymous_16)","decl":{"start":{"line":95,"column":11},"end":{"line":95,"column":12}},"loc":{"start":{"line":95,"column":23},"end":{"line":160,"column":5}},"line":95},"17":{"name":"_callee2","decl":{"start":{"line":98,"column":39},"end":{"line":98,"column":47}},"loc":{"start":{"line":98,"column":64},"end":{"line":153,"column":7}},"line":98},"18":{"name":"_callee2$","decl":{"start":{"line":101,"column":48},"end":{"line":101,"column":57}},"loc":{"start":{"line":101,"column":69},"end":{"line":152,"column":9}},"line":101},"19":{"name":"signInEmployee","decl":{"start":{"line":155,"column":15},"end":{"line":155,"column":29}},"loc":{"start":{"line":155,"column":45},"end":{"line":157,"column":7}},"line":155}},"branchMap":{"0":{"loc":{"start":{"line":16,"column":46},"end":{"line":16,"column":94}},"type":"cond-expr","locations":[{"start":{"line":16,"column":70},"end":{"line":16,"column":73}},{"start":{"line":16,"column":76},"end":{"line":16,"column":94}}],"line":16},"1":{"loc":{"start":{"line":16,"column":46},"end":{"line":16,"column":67}},"type":"binary-expr","locations":[{"start":{"line":16,"column":46},"end":{"line":16,"column":49}},{"start":{"line":16,"column":53},"end":{"line":16,"column":67}}],"line":16},"2":{"loc":{"start":{"line":18,"column":176},"end":{"line":18,"column":263}},"type":"if","locations":[{"start":{"line":18,"column":176},"end":{"line":18,"column":263}},{"start":{"line":18,"column":176},"end":{"line":18,"column":263}}],"line":18},"3":{"loc":{"start":{"line":22,"column":50},"end":{"line":22,"column":151}},"type":"if","locations":[{"start":{"line":22,"column":50},"end":{"line":22,"column":151}},{"start":{"line":22,"column":50},"end":{"line":22,"column":151}}],"line":22},"4":{"loc":{"start":{"line":24,"column":136},"end":{"line":24,"column":166}},"type":"binary-expr","locations":[{"start":{"line":24,"column":136},"end":{"line":24,"column":157}},{"start":{"line":24,"column":161},"end":{"line":24,"column":166}}],"line":24},"5":{"loc":{"start":{"line":24,"column":200},"end":{"line":24,"column":254}},"type":"if","locations":[{"start":{"line":24,"column":200},"end":{"line":24,"column":254}},{"start":{"line":24,"column":200},"end":{"line":24,"column":254}}],"line":24},"6":{"loc":{"start":{"line":26,"column":62},"end":{"line":26,"column":131}},"type":"if","locations":[{"start":{"line":26,"column":62},"end":{"line":26,"column":131}},{"start":{"line":26,"column":62},"end":{"line":26,"column":131}}],"line":26},"7":{"loc":{"start":{"line":26,"column":132},"end":{"line":26,"column":193}},"type":"if","locations":[{"start":{"line":26,"column":132},"end":{"line":26,"column":193}},{"start":{"line":26,"column":132},"end":{"line":26,"column":193}}],"line":26},"8":{"loc":{"start":{"line":44,"column":12},"end":{"line":82,"column":13}},"type":"switch","locations":[{"start":{"line":45,"column":14},"end":{"line":48,"column":70}},{"start":{"line":50,"column":14},"end":{"line":57,"column":19}},{"start":{"line":59,"column":14},"end":{"line":72,"column":22}},{"start":{"line":74,"column":14},"end":{"line":77,"column":34}},{"start":{"line":79,"column":14},"end":{"line":79,"column":22}},{"start":{"line":80,"column":14},"end":{"line":81,"column":39}}],"line":44},"9":{"loc":{"start":{"line":103,"column":12},"end":{"line":150,"column":13}},"type":"switch","locations":[{"start":{"line":104,"column":14},"end":{"line":108,"column":65}},{"start":{"line":110,"column":14},"end":{"line":118,"column":79}},{"start":{"line":120,"column":14},"end":{"line":128,"column":121}},{"start":{"line":130,"column":14},"end":{"line":140,"column":22}},{"start":{"line":142,"column":14},"end":{"line":145,"column":35}},{"start":{"line":147,"column":14},"end":{"line":147,"column":22}},{"start":{"line":148,"column":14},"end":{"line":149,"column":40}}],"line":103},"10":{"loc":{"start":{"line":123,"column":16},"end":{"line":126,"column":17}},"type":"if","locations":[{"start":{"line":123,"column":16},"end":{"line":126,"column":17}},{"start":{"line":123,"column":16},"end":{"line":126,"column":17}}],"line":123}},"s":{"0":1,"1":1,"2":1,"3":1,"4":1,"5":1,"6":4,"7":17,"8":17,"9":17,"10":0,"11":0,"12":17,"13":6,"14":11,"15":2,"16":6,"17":6,"18":6,"19":6,"20":16,"21":1,"22":6,"23":0,"24":0,"25":1,"26":1,"27":2,"28":2,"29":2,"30":2,"31":2,"32":2,"33":1,"34":0,"35":1,"36":1,"37":1,"38":1,"39":0,"40":1,"41":1,"42":4,"43":12,"44":16,"45":4,"46":4,"47":4,"48":4,"49":4,"50":4,"51":4,"52":4,"53":4,"54":4,"55":4,"56":4,"57":0,"58":0,"59":0,"60":4,"61":4,"62":1,"63":1,"64":2,"65":5,"66":7,"67":2,"68":2,"69":2,"70":2,"71":1,"72":1,"73":1,"74":1,"75":1,"76":1,"77":1,"78":1,"79":0,"80":1,"81":1,"82":1,"83":1,"84":1,"85":1,"86":1,"87":2,"88":2,"89":1,"90":1,"91":1,"92":1},"f":{"0":4,"1":17,"2":2,"3":6,"4":6,"5":16,"6":1,"7":0,"8":1,"9":1,"10":1,"11":0,"12":1,"13":4,"14":12,"15":4,"16":1,"17":2,"18":5,"19":2},"b":{"0":[3,1],"1":[4,4],"2":[6,11],"3":[0,0],"4":[2,2],"5":[2,0],"6":[0,1],"7":[1,0],"8":[4,4,4,0,4,4],"9":[2,1,1,1,1,2,2],"10":[1,0]},"_coverageSchema":"43e27e138ebf9cfc5966b082cf9a028302ed4184","hash":"5ccf8e2473a1936282da49834975f4fed10bd8af","contentHash":"08cdcad24935aee3d98b0e871f3510e325dd42e6486356e91aab732f4c1970f7"},"C:\\Users\\ZBook\\Documents\\devC-Project\\src\\models\\employees.js":{"path":"C:\\Users\\ZBook\\Documents\\devC-Project\\src\\models\\employees.js","statementMap":{"0":{"start":{"line":3,"column":0},"end":{"line":5,"column":3}},"1":{"start":{"line":6,"column":0},"end":{"line":6,"column":28}},"2":{"start":{"line":8,"column":14},"end":{"line":8,"column":55}},"3":{"start":{"line":10,"column":13},"end":{"line":10,"column":59}},"4":{"start":{"line":12,"column":20},"end":{"line":12,"column":83}},"5":{"start":{"line":14,"column":39},"end":{"line":14,"column":95}},"6":{"start":{"line":16,"column":77},"end":{"line":16,"column":175}},"7":{"start":{"line":16,"column":94},"end":{"line":16,"column":107}},"8":{"start":{"line":16,"column":121},"end":{"line":16,"column":131}},"9":{"start":{"line":16,"column":151},"end":{"line":16,"column":165}},"10":{"start":{"line":16,"column":166},"end":{"line":16,"column":173}},"11":{"start":{"line":16,"column":176},"end":{"line":16,"column":263}},"12":{"start":{"line":16,"column":193},"end":{"line":16,"column":208}},"13":{"start":{"line":16,"column":218},"end":{"line":16,"column":261}},"14":{"start":{"line":18,"column":33},"end":{"line":18,"column":387}},"15":{"start":{"line":18,"column":65},"end":{"line":18,"column":69}},"16":{"start":{"line":18,"column":78},"end":{"line":18,"column":87}},"17":{"start":{"line":18,"column":89},"end":{"line":18,"column":384}},"18":{"start":{"line":18,"column":147},"end":{"line":18,"column":167}},"19":{"start":{"line":18,"column":193},"end":{"line":18,"column":264}},"20":{"start":{"line":18,"column":290},"end":{"line":18,"column":360}},"21":{"start":{"line":18,"column":363},"end":{"line":18,"column":380}},"22":{"start":{"line":20,"column":50},"end":{"line":20,"column":151}},"23":{"start":{"line":20,"column":92},"end":{"line":20,"column":149}},"24":{"start":{"line":22,"column":44},"end":{"line":22,"column":315}},"25":{"start":{"line":22,"column":57},"end":{"line":22,"column":58}},"26":{"start":{"line":22,"column":102},"end":{"line":22,"column":110}},"27":{"start":{"line":22,"column":112},"end":{"line":22,"column":167}},"28":{"start":{"line":22,"column":168},"end":{"line":22,"column":199}},"29":{"start":{"line":22,"column":200},"end":{"line":22,"column":254}},"30":{"start":{"line":22,"column":227},"end":{"line":22,"column":254}},"31":{"start":{"line":22,"column":255},"end":{"line":22,"column":313}},"32":{"start":{"line":24,"column":62},"end":{"line":24,"column":131}},"33":{"start":{"line":24,"column":78},"end":{"line":24,"column":131}},"34":{"start":{"line":24,"column":132},"end":{"line":24,"column":193}},"35":{"start":{"line":24,"column":149},"end":{"line":24,"column":193}},"36":{"start":{"line":24,"column":194},"end":{"line":24,"column":213}},"37":{"start":{"line":28,"column":0},"end":{"line":121,"column":3}},"38":{"start":{"line":30,"column":4},"end":{"line":30,"column":41}},"39":{"start":{"line":33,"column":2},"end":{"line":118,"column":6}},"40":{"start":{"line":36,"column":28},"end":{"line":66,"column":9}},"41":{"start":{"line":40,"column":8},"end":{"line":65,"column":20}},"42":{"start":{"line":41,"column":10},"end":{"line":64,"column":11}},"43":{"start":{"line":42,"column":12},"end":{"line":63,"column":13}},"44":{"start":{"line":44,"column":16},"end":{"line":44,"column":215}},"45":{"start":{"line":45,"column":16},"end":{"line":45,"column":34}},"46":{"start":{"line":46,"column":16},"end":{"line":46,"column":61}},"47":{"start":{"line":49,"column":16},"end":{"line":49,"column":47}},"48":{"start":{"line":50,"column":16},"end":{"line":50,"column":108}},"49":{"start":{"line":51,"column":16},"end":{"line":51,"column":34}},"50":{"start":{"line":52,"column":16},"end":{"line":54,"column":19}},"51":{"start":{"line":53,"column":18},"end":{"line":53,"column":73}},"52":{"start":{"line":57,"column":16},"end":{"line":57,"column":41}},"53":{"start":{"line":58,"column":16},"end":{"line":58,"column":59}},"54":{"start":{"line":62,"column":16},"end":{"line":62,"column":39}},"55":{"start":{"line":69,"column":8},"end":{"line":69,"column":54}},"56":{"start":{"line":72,"column":6},"end":{"line":72,"column":28}},"57":{"start":{"line":77,"column":26},"end":{"line":110,"column":9}},"58":{"start":{"line":81,"column":8},"end":{"line":109,"column":21}},"59":{"start":{"line":82,"column":10},"end":{"line":108,"column":11}},"60":{"start":{"line":83,"column":12},"end":{"line":107,"column":13}},"61":{"start":{"line":85,"column":16},"end":{"line":85,"column":32}},"62":{"start":{"line":86,"column":16},"end":{"line":86,"column":35}},"63":{"start":{"line":87,"column":16},"end":{"line":89,"column":19}},"64":{"start":{"line":88,"column":18},"end":{"line":88,"column":71}},"65":{"start":{"line":92,"column":16},"end":{"line":92,"column":42}},"66":{"start":{"line":94,"column":16},"end":{"line":97,"column":17}},"67":{"start":{"line":95,"column":18},"end":{"line":95,"column":37}},"68":{"start":{"line":96,"column":18},"end":{"line":96,"column":24}},"69":{"start":{"line":99,"column":16},"end":{"line":99,"column":80}},"70":{"start":{"line":102,"column":16},"end":{"line":102,"column":60}},"71":{"start":{"line":106,"column":16},"end":{"line":106,"column":40}},"72":{"start":{"line":113,"column":8},"end":{"line":113,"column":52}},"73":{"start":{"line":116,"column":6},"end":{"line":116,"column":26}},"74":{"start":{"line":120,"column":2},"end":{"line":120,"column":23}},"75":{"start":{"line":123,"column":15},"end":{"line":123,"column":28}},"76":{"start":{"line":124,"column":0},"end":{"line":124,"column":30}}},"fnMap":{"0":{"name":"_interopRequireDefault","decl":{"start":{"line":14,"column":9},"end":{"line":14,"column":31}},"loc":{"start":{"line":14,"column":37},"end":{"line":14,"column":97}},"line":14},"1":{"name":"asyncGeneratorStep","decl":{"start":{"line":16,"column":9},"end":{"line":16,"column":27}},"loc":{"start":{"line":16,"column":75},"end":{"line":16,"column":265}},"line":16},"2":{"name":"_asyncToGenerator","decl":{"start":{"line":18,"column":9},"end":{"line":18,"column":26}},"loc":{"start":{"line":18,"column":31},"end":{"line":18,"column":389}},"line":18},"3":{"name":"(anonymous_3)","decl":{"start":{"line":18,"column":40},"end":{"line":18,"column":41}},"loc":{"start":{"line":18,"column":52},"end":{"line":18,"column":386}},"line":18},"4":{"name":"(anonymous_4)","decl":{"start":{"line":18,"column":108},"end":{"line":18,"column":109}},"loc":{"start":{"line":18,"column":135},"end":{"line":18,"column":382}},"line":18},"5":{"name":"_next","decl":{"start":{"line":18,"column":178},"end":{"line":18,"column":183}},"loc":{"start":{"line":18,"column":191},"end":{"line":18,"column":266}},"line":18},"6":{"name":"_throw","decl":{"start":{"line":18,"column":276},"end":{"line":18,"column":282}},"loc":{"start":{"line":18,"column":288},"end":{"line":18,"column":362}},"line":18},"7":{"name":"_classCallCheck","decl":{"start":{"line":20,"column":9},"end":{"line":20,"column":24}},"loc":{"start":{"line":20,"column":48},"end":{"line":20,"column":153}},"line":20},"8":{"name":"_defineProperties","decl":{"start":{"line":22,"column":9},"end":{"line":22,"column":26}},"loc":{"start":{"line":22,"column":42},"end":{"line":22,"column":317}},"line":22},"9":{"name":"_createClass","decl":{"start":{"line":24,"column":9},"end":{"line":24,"column":21}},"loc":{"start":{"line":24,"column":60},"end":{"line":24,"column":215}},"line":24},"10":{"name":"(anonymous_10)","decl":{"start":{"line":28,"column":0},"end":{"line":28,"column":1}},"loc":{"start":{"line":28,"column":12},"end":{"line":121,"column":1}},"line":28},"11":{"name":"EmployeeModel","decl":{"start":{"line":29,"column":11},"end":{"line":29,"column":24}},"loc":{"start":{"line":29,"column":27},"end":{"line":31,"column":3}},"line":29},"12":{"name":"(anonymous_12)","decl":{"start":{"line":35,"column":11},"end":{"line":35,"column":12}},"loc":{"start":{"line":35,"column":23},"end":{"line":73,"column":5}},"line":35},"13":{"name":"_callee","decl":{"start":{"line":38,"column":39},"end":{"line":38,"column":46}},"loc":{"start":{"line":38,"column":53},"end":{"line":66,"column":7}},"line":38},"14":{"name":"_callee$","decl":{"start":{"line":40,"column":48},"end":{"line":40,"column":56}},"loc":{"start":{"line":40,"column":67},"end":{"line":65,"column":9}},"line":40},"15":{"name":"(anonymous_15)","decl":{"start":{"line":52,"column":210},"end":{"line":52,"column":211}},"loc":{"start":{"line":52,"column":227},"end":{"line":54,"column":17}},"line":52},"16":{"name":"createEmployee","decl":{"start":{"line":68,"column":15},"end":{"line":68,"column":29}},"loc":{"start":{"line":68,"column":34},"end":{"line":70,"column":7}},"line":68},"17":{"name":"(anonymous_17)","decl":{"start":{"line":76,"column":11},"end":{"line":76,"column":12}},"loc":{"start":{"line":76,"column":23},"end":{"line":117,"column":5}},"line":76},"18":{"name":"_callee2","decl":{"start":{"line":79,"column":39},"end":{"line":79,"column":47}},"loc":{"start":{"line":79,"column":55},"end":{"line":110,"column":7}},"line":79},"19":{"name":"_callee2$","decl":{"start":{"line":81,"column":48},"end":{"line":81,"column":57}},"loc":{"start":{"line":81,"column":69},"end":{"line":109,"column":9}},"line":81},"20":{"name":"(anonymous_20)","decl":{"start":{"line":87,"column":107},"end":{"line":87,"column":108}},"loc":{"start":{"line":87,"column":122},"end":{"line":89,"column":17}},"line":87},"21":{"name":"getUserEmail","decl":{"start":{"line":112,"column":15},"end":{"line":112,"column":27}},"loc":{"start":{"line":112,"column":33},"end":{"line":114,"column":7}},"line":112}},"branchMap":{"0":{"loc":{"start":{"line":14,"column":46},"end":{"line":14,"column":94}},"type":"cond-expr","locations":[{"start":{"line":14,"column":70},"end":{"line":14,"column":73}},{"start":{"line":14,"column":76},"end":{"line":14,"column":94}}],"line":14},"1":{"loc":{"start":{"line":14,"column":46},"end":{"line":14,"column":67}},"type":"binary-expr","locations":[{"start":{"line":14,"column":46},"end":{"line":14,"column":49}},{"start":{"line":14,"column":53},"end":{"line":14,"column":67}}],"line":14},"2":{"loc":{"start":{"line":16,"column":176},"end":{"line":16,"column":263}},"type":"if","locations":[{"start":{"line":16,"column":176},"end":{"line":16,"column":263}},{"start":{"line":16,"column":176},"end":{"line":16,"column":263}}],"line":16},"3":{"loc":{"start":{"line":20,"column":50},"end":{"line":20,"column":151}},"type":"if","locations":[{"start":{"line":20,"column":50},"end":{"line":20,"column":151}},{"start":{"line":20,"column":50},"end":{"line":20,"column":151}}],"line":20},"4":{"loc":{"start":{"line":22,"column":136},"end":{"line":22,"column":166}},"type":"binary-expr","locations":[{"start":{"line":22,"column":136},"end":{"line":22,"column":157}},{"start":{"line":22,"column":161},"end":{"line":22,"column":166}}],"line":22},"5":{"loc":{"start":{"line":22,"column":200},"end":{"line":22,"column":254}},"type":"if","locations":[{"start":{"line":22,"column":200},"end":{"line":22,"column":254}},{"start":{"line":22,"column":200},"end":{"line":22,"column":254}}],"line":22},"6":{"loc":{"start":{"line":24,"column":62},"end":{"line":24,"column":131}},"type":"if","locations":[{"start":{"line":24,"column":62},"end":{"line":24,"column":131}},{"start":{"line":24,"column":62},"end":{"line":24,"column":131}}],"line":24},"7":{"loc":{"start":{"line":24,"column":132},"end":{"line":24,"column":193}},"type":"if","locations":[{"start":{"line":24,"column":132},"end":{"line":24,"column":193}},{"start":{"line":24,"column":132},"end":{"line":24,"column":193}}],"line":24},"8":{"loc":{"start":{"line":42,"column":12},"end":{"line":63,"column":13}},"type":"switch","locations":[{"start":{"line":43,"column":14},"end":{"line":46,"column":61}},{"start":{"line":48,"column":14},"end":{"line":54,"column":19}},{"start":{"line":56,"column":14},"end":{"line":58,"column":59}},{"start":{"line":60,"column":14},"end":{"line":60,"column":21}},{"start":{"line":61,"column":14},"end":{"line":62,"column":39}}],"line":42},"9":{"loc":{"start":{"line":83,"column":12},"end":{"line":107,"column":13}},"type":"switch","locations":[{"start":{"line":84,"column":14},"end":{"line":89,"column":19}},{"start":{"line":91,"column":14},"end":{"line":99,"column":80}},{"start":{"line":101,"column":14},"end":{"line":102,"column":60}},{"start":{"line":104,"column":14},"end":{"line":104,"column":21}},{"start":{"line":105,"column":14},"end":{"line":106,"column":40}}],"line":83},"10":{"loc":{"start":{"line":94,"column":16},"end":{"line":97,"column":17}},"type":"if","locations":[{"start":{"line":94,"column":16},"end":{"line":97,"column":17}},{"start":{"line":94,"column":16},"end":{"line":97,"column":17}}],"line":94}},"s":{"0":1,"1":1,"2":1,"3":1,"4":1,"5":3,"6":16,"7":16,"8":15,"9":1,"10":1,"11":15,"12":5,"13":10,"14":2,"15":6,"16":6,"17":6,"18":6,"19":16,"20":0,"21":6,"22":0,"23":0,"24":1,"25":1,"26":2,"27":2,"28":2,"29":2,"30":2,"31":2,"32":1,"33":0,"34":1,"35":1,"36":1,"37":1,"38":0,"39":1,"40":1,"41":4,"42":16,"43":16,"44":4,"45":4,"46":4,"47":4,"48":4,"49":4,"50":4,"51":0,"52":4,"53":4,"54":4,"55":4,"56":1,"57":1,"58":2,"59":6,"60":7,"61":2,"62":2,"63":2,"64":0,"65":2,"66":2,"67":1,"68":1,"69":1,"70":1,"71":2,"72":2,"73":1,"74":1,"75":1,"76":1},"f":{"0":3,"1":16,"2":2,"3":6,"4":6,"5":16,"6":0,"7":0,"8":1,"9":1,"10":1,"11":0,"12":1,"13":4,"14":16,"15":0,"16":4,"17":1,"18":2,"19":6,"20":0,"21":2},"b":{"0":[2,1],"1":[3,3],"2":[5,10],"3":[0,0],"4":[2,2],"5":[2,0],"6":[0,1],"7":[1,0],"8":[4,4,4,0,4],"9":[2,2,1,0,2],"10":[1,1]},"_coverageSchema":"43e27e138ebf9cfc5966b082cf9a028302ed4184","hash":"4a46f50373e6e2976cffdeab9f5b0e6eefa9b164","contentHash":"4d361da0f4e283913b3d90c417223f5d5f832a360da340a1bbebf3323309415f"},"C:\\Users\\ZBook\\Documents\\devC-Project\\src\\DB\\index.js":{"path":"C:\\Users\\ZBook\\Documents\\devC-Project\\src\\DB\\index.js","statementMap":{"0":{"start":{"line":3,"column":0},"end":{"line":5,"column":3}},"1":{"start":{"line":6,"column":0},"end":{"line":6,"column":28}},"2":{"start":{"line":8,"column":10},"end":{"line":8,"column":23}},"3":{"start":{"line":10,"column":0},"end":{"line":10,"column":25}},"4":{"start":{"line":12,"column":77},"end":{"line":12,"column":175}},"5":{"start":{"line":12,"column":94},"end":{"line":12,"column":107}},"6":{"start":{"line":12,"column":121},"end":{"line":12,"column":131}},"7":{"start":{"line":12,"column":151},"end":{"line":12,"column":165}},"8":{"start":{"line":12,"column":166},"end":{"line":12,"column":173}},"9":{"start":{"line":12,"column":176},"end":{"line":12,"column":263}},"10":{"start":{"line":12,"column":193},"end":{"line":12,"column":208}},"11":{"start":{"line":12,"column":218},"end":{"line":12,"column":261}},"12":{"start":{"line":14,"column":33},"end":{"line":14,"column":387}},"13":{"start":{"line":14,"column":65},"end":{"line":14,"column":69}},"14":{"start":{"line":14,"column":78},"end":{"line":14,"column":87}},"15":{"start":{"line":14,"column":89},"end":{"line":14,"column":384}},"16":{"start":{"line":14,"column":147},"end":{"line":14,"column":167}},"17":{"start":{"line":14,"column":193},"end":{"line":14,"column":264}},"18":{"start":{"line":14,"column":290},"end":{"line":14,"column":360}},"19":{"start":{"line":14,"column":363},"end":{"line":14,"column":380}},"20":{"start":{"line":16,"column":50},"end":{"line":16,"column":151}},"21":{"start":{"line":16,"column":92},"end":{"line":16,"column":149}},"22":{"start":{"line":18,"column":44},"end":{"line":18,"column":315}},"23":{"start":{"line":18,"column":57},"end":{"line":18,"column":58}},"24":{"start":{"line":18,"column":102},"end":{"line":18,"column":110}},"25":{"start":{"line":18,"column":112},"end":{"line":18,"column":167}},"26":{"start":{"line":18,"column":168},"end":{"line":18,"column":199}},"27":{"start":{"line":18,"column":200},"end":{"line":18,"column":254}},"28":{"start":{"line":18,"column":227},"end":{"line":18,"column":254}},"29":{"start":{"line":18,"column":255},"end":{"line":18,"column":313}},"30":{"start":{"line":20,"column":62},"end":{"line":20,"column":131}},"31":{"start":{"line":20,"column":78},"end":{"line":20,"column":131}},"32":{"start":{"line":20,"column":132},"end":{"line":20,"column":193}},"33":{"start":{"line":20,"column":149},"end":{"line":20,"column":193}},"34":{"start":{"line":20,"column":194},"end":{"line":20,"column":213}},"35":{"start":{"line":22,"column":9},"end":{"line":22,"column":13}},"36":{"start":{"line":24,"column":0},"end":{"line":36,"column":1}},"37":{"start":{"line":26,"column":4},"end":{"line":26,"column":34}},"38":{"start":{"line":27,"column":4},"end":{"line":27,"column":10}},"39":{"start":{"line":30,"column":4},"end":{"line":30,"column":31}},"40":{"start":{"line":31,"column":4},"end":{"line":31,"column":10}},"41":{"start":{"line":34,"column":4},"end":{"line":34,"column":31}},"42":{"start":{"line":35,"column":4},"end":{"line":35,"column":10}},"43":{"start":{"line":38,"column":11},"end":{"line":40,"column":2}},"44":{"start":{"line":44,"column":0},"end":{"line":89,"column":3}},"45":{"start":{"line":46,"column":4},"end":{"line":46,"column":36}},"46":{"start":{"line":49,"column":2},"end":{"line":86,"column":6}},"47":{"start":{"line":52,"column":20},"end":{"line":78,"column":9}},"48":{"start":{"line":58,"column":20},"end":{"line":58,"column":29}},"49":{"start":{"line":59,"column":8},"end":{"line":77,"column":20}},"50":{"start":{"line":60,"column":10},"end":{"line":76,"column":11}},"51":{"start":{"line":61,"column":12},"end":{"line":75,"column":13}},"52":{"start":{"line":63,"column":16},"end":{"line":63,"column":88}},"53":{"start":{"line":64,"column":16},"end":{"line":64,"column":34}},"54":{"start":{"line":65,"column":16},"end":{"line":65,"column":49}},"55":{"start":{"line":68,"column":16},"end":{"line":68,"column":41}},"56":{"start":{"line":69,"column":16},"end":{"line":69,"column":68}},"57":{"start":{"line":70,"column":16},"end":{"line":70,"column":57}},"58":{"start":{"line":74,"column":16},"end":{"line":74,"column":39}},"59":{"start":{"line":81,"column":8},"end":{"line":81,"column":46}},"60":{"start":{"line":84,"column":6},"end":{"line":84,"column":19}},"61":{"start":{"line":88,"column":2},"end":{"line":88,"column":18}},"62":{"start":{"line":91,"column":15},"end":{"line":91,"column":23}},"63":{"start":{"line":92,"column":0},"end":{"line":92,"column":30}}},"fnMap":{"0":{"name":"asyncGeneratorStep","decl":{"start":{"line":12,"column":9},"end":{"line":12,"column":27}},"loc":{"start":{"line":12,"column":75},"end":{"line":12,"column":265}},"line":12},"1":{"name":"_asyncToGenerator","decl":{"start":{"line":14,"column":9},"end":{"line":14,"column":26}},"loc":{"start":{"line":14,"column":31},"end":{"line":14,"column":389}},"line":14},"2":{"name":"(anonymous_2)","decl":{"start":{"line":14,"column":40},"end":{"line":14,"column":41}},"loc":{"start":{"line":14,"column":52},"end":{"line":14,"column":386}},"line":14},"3":{"name":"(anonymous_3)","decl":{"start":{"line":14,"column":108},"end":{"line":14,"column":109}},"loc":{"start":{"line":14,"column":135},"end":{"line":14,"column":382}},"line":14},"4":{"name":"_next","decl":{"start":{"line":14,"column":178},"end":{"line":14,"column":183}},"loc":{"start":{"line":14,"column":191},"end":{"line":14,"column":266}},"line":14},"5":{"name":"_throw","decl":{"start":{"line":14,"column":276},"end":{"line":14,"column":282}},"loc":{"start":{"line":14,"column":288},"end":{"line":14,"column":362}},"line":14},"6":{"name":"_classCallCheck","decl":{"start":{"line":16,"column":9},"end":{"line":16,"column":24}},"loc":{"start":{"line":16,"column":48},"end":{"line":16,"column":153}},"line":16},"7":{"name":"_defineProperties","decl":{"start":{"line":18,"column":9},"end":{"line":18,"column":26}},"loc":{"start":{"line":18,"column":42},"end":{"line":18,"column":317}},"line":18},"8":{"name":"_createClass","decl":{"start":{"line":20,"column":9},"end":{"line":20,"column":21}},"loc":{"start":{"line":20,"column":60},"end":{"line":20,"column":215}},"line":20},"9":{"name":"(anonymous_9)","decl":{"start":{"line":44,"column":0},"end":{"line":44,"column":1}},"loc":{"start":{"line":44,"column":12},"end":{"line":89,"column":1}},"line":44},"10":{"name":"Database","decl":{"start":{"line":45,"column":11},"end":{"line":45,"column":19}},"loc":{"start":{"line":45,"column":22},"end":{"line":47,"column":3}},"line":45},"11":{"name":"(anonymous_11)","decl":{"start":{"line":51,"column":11},"end":{"line":51,"column":12}},"loc":{"start":{"line":51,"column":23},"end":{"line":85,"column":5}},"line":51},"12":{"name":"_callee","decl":{"start":{"line":54,"column":39},"end":{"line":54,"column":46}},"loc":{"start":{"line":54,"column":62},"end":{"line":78,"column":7}},"line":54},"13":{"name":"_callee$","decl":{"start":{"line":59,"column":48},"end":{"line":59,"column":56}},"loc":{"start":{"line":59,"column":67},"end":{"line":77,"column":9}},"line":59},"14":{"name":"query","decl":{"start":{"line":80,"column":15},"end":{"line":80,"column":20}},"loc":{"start":{"line":80,"column":30},"end":{"line":82,"column":7}},"line":80}},"branchMap":{"0":{"loc":{"start":{"line":12,"column":176},"end":{"line":12,"column":263}},"type":"if","locations":[{"start":{"line":12,"column":176},"end":{"line":12,"column":263}},{"start":{"line":12,"column":176},"end":{"line":12,"column":263}}],"line":12},"1":{"loc":{"start":{"line":16,"column":50},"end":{"line":16,"column":151}},"type":"if","locations":[{"start":{"line":16,"column":50},"end":{"line":16,"column":151}},{"start":{"line":16,"column":50},"end":{"line":16,"column":151}}],"line":16},"2":{"loc":{"start":{"line":18,"column":136},"end":{"line":18,"column":166}},"type":"binary-expr","locations":[{"start":{"line":18,"column":136},"end":{"line":18,"column":157}},{"start":{"line":18,"column":161},"end":{"line":18,"column":166}}],"line":18},"3":{"loc":{"start":{"line":18,"column":200},"end":{"line":18,"column":254}},"type":"if","locations":[{"start":{"line":18,"column":200},"end":{"line":18,"column":254}},{"start":{"line":18,"column":200},"end":{"line":18,"column":254}}],"line":18},"4":{"loc":{"start":{"line":20,"column":62},"end":{"line":20,"column":131}},"type":"if","locations":[{"start":{"line":20,"column":62},"end":{"line":20,"column":131}},{"start":{"line":20,"column":62},"end":{"line":20,"column":131}}],"line":20},"5":{"loc":{"start":{"line":20,"column":132},"end":{"line":20,"column":193}},"type":"if","locations":[{"start":{"line":20,"column":132},"end":{"line":20,"column":193}},{"start":{"line":20,"column":132},"end":{"line":20,"column":193}}],"line":20},"6":{"loc":{"start":{"line":24,"column":0},"end":{"line":36,"column":1}},"type":"switch","locations":[{"start":{"line":25,"column":2},"end":{"line":27,"column":10}},{"start":{"line":29,"column":2},"end":{"line":31,"column":10}},{"start":{"line":33,"column":2},"end":{"line":35,"column":10}}],"line":24},"7":{"loc":{"start":{"line":61,"column":12},"end":{"line":75,"column":13}},"type":"switch","locations":[{"start":{"line":62,"column":14},"end":{"line":65,"column":49}},{"start":{"line":67,"column":14},"end":{"line":70,"column":57}},{"start":{"line":72,"column":14},"end":{"line":72,"column":21}},{"start":{"line":73,"column":14},"end":{"line":74,"column":39}}],"line":61},"8":{"loc":{"start":{"line":63,"column":26},"end":{"line":63,"column":87}},"type":"cond-expr","locations":[{"start":{"line":63,"column":71},"end":{"line":63,"column":79}},{"start":{"line":63,"column":82},"end":{"line":63,"column":87}}],"line":63},"9":{"loc":{"start":{"line":63,"column":26},"end":{"line":63,"column":68}},"type":"binary-expr","locations":[{"start":{"line":63,"column":26},"end":{"line":63,"column":42}},{"start":{"line":63,"column":46},"end":{"line":63,"column":68}}],"line":63},"10":{"loc":{"start":{"line":69,"column":25},"end":{"line":69,"column":67}},"type":"cond-expr","locations":[{"start":{"line":69,"column":35},"end":{"line":69,"column":48}},{"start":{"line":69,"column":51},"end":{"line":69,"column":67}}],"line":69}},"s":{"0":1,"1":1,"2":1,"3":1,"4":48,"5":48,"6":48,"7":0,"8":0,"9":48,"10":24,"11":24,"12":1,"13":24,"14":24,"15":24,"16":24,"17":48,"18":0,"19":24,"20":0,"21":0,"22":1,"23":1,"24":1,"25":1,"26":1,"27":1,"28":1,"29":1,"30":1,"31":0,"32":1,"33":1,"34":1,"35":1,"36":1,"37":0,"38":0,"39":0,"40":0,"41":1,"42":1,"43":1,"44":1,"45":0,"46":1,"47":1,"48":24,"49":24,"50":72,"51":72,"52":24,"53":24,"54":24,"55":24,"56":24,"57":24,"58":24,"59":24,"60":1,"61":1,"62":1,"63":1},"f":{"0":48,"1":1,"2":24,"3":24,"4":48,"5":0,"6":0,"7":1,"8":1,"9":1,"10":0,"11":1,"12":24,"13":72,"14":24},"b":{"0":[24,24],"1":[0,0],"2":[1,1],"3":[1,0],"4":[0,1],"5":[1,0],"6":[0,0,1],"7":[24,24,0,24],"8":[3,21],"9":[24,3],"10":[3,21]},"_coverageSchema":"43e27e138ebf9cfc5966b082cf9a028302ed4184","hash":"319af8387fd7dee62ee7efbc877138ff56fb00fa","contentHash":"68b020f70b66324233b711cb023917625740570754dbc7e67f813554705694c9"},"C:\\Users\\ZBook\\Documents\\devC-Project\\src\\ErrorHandler\\errorhandler.js":{"path":"C:\\Users\\ZBook\\Documents\\devC-Project\\src\\ErrorHandler\\errorhandler.js","statementMap":{"0":{"start":{"line":3,"column":0},"end":{"line":5,"column":3}},"1":{"start":{"line":6,"column":0},"end":{"line":6,"column":28}},"2":{"start":{"line":8,"column":24},"end":{"line":8,"column":328}},"3":{"start":{"line":8,"column":99},"end":{"line":8,"column":154}},"4":{"start":{"line":8,"column":133},"end":{"line":8,"column":151}},"5":{"start":{"line":8,"column":164},"end":{"line":8,"column":326}},"6":{"start":{"line":8,"column":198},"end":{"line":8,"column":323}},"7":{"start":{"line":8,"column":329},"end":{"line":8,"column":349}},"8":{"start":{"line":10,"column":50},"end":{"line":10,"column":151}},"9":{"start":{"line":10,"column":92},"end":{"line":10,"column":149}},"10":{"start":{"line":12,"column":50},"end":{"line":12,"column":138}},"11":{"start":{"line":12,"column":124},"end":{"line":12,"column":136}},"12":{"start":{"line":12,"column":139},"end":{"line":12,"column":175}},"13":{"start":{"line":14,"column":40},"end":{"line":14,"column":151}},"14":{"start":{"line":14,"column":63},"end":{"line":14,"column":149}},"15":{"start":{"line":14,"column":152},"end":{"line":14,"column":164}},"16":{"start":{"line":16,"column":43},"end":{"line":16,"column":182}},"17":{"start":{"line":16,"column":106},"end":{"line":16,"column":180}},"18":{"start":{"line":16,"column":183},"end":{"line":16,"column":328}},"19":{"start":{"line":16,"column":329},"end":{"line":16,"column":383}},"20":{"start":{"line":16,"column":345},"end":{"line":16,"column":383}},"21":{"start":{"line":18,"column":48},"end":{"line":18,"column":97}},"22":{"start":{"line":18,"column":99},"end":{"line":18,"column":725}},"23":{"start":{"line":18,"column":153},"end":{"line":18,"column":215}},"24":{"start":{"line":18,"column":202},"end":{"line":18,"column":215}},"25":{"start":{"line":18,"column":216},"end":{"line":18,"column":327}},"26":{"start":{"line":18,"column":251},"end":{"line":18,"column":325}},"27":{"start":{"line":18,"column":328},"end":{"line":18,"column":443}},"28":{"start":{"line":18,"column":365},"end":{"line":18,"column":413}},"29":{"start":{"line":18,"column":388},"end":{"line":18,"column":413}},"30":{"start":{"line":18,"column":414},"end":{"line":18,"column":441}},"31":{"start":{"line":18,"column":465},"end":{"line":18,"column":536}},"32":{"start":{"line":18,"column":539},"end":{"line":18,"column":682}},"33":{"start":{"line":18,"column":683},"end":{"line":18,"column":722}},"34":{"start":{"line":18,"column":726},"end":{"line":18,"column":757}},"35":{"start":{"line":20,"column":38},"end":{"line":20,"column":109}},"36":{"start":{"line":20,"column":96},"end":{"line":20,"column":109}},"37":{"start":{"line":20,"column":110},"end":{"line":20,"column":151}},"38":{"start":{"line":20,"column":138},"end":{"line":20,"column":151}},"39":{"start":{"line":20,"column":152},"end":{"line":20,"column":197}},"40":{"start":{"line":20,"column":185},"end":{"line":20,"column":197}},"41":{"start":{"line":20,"column":198},"end":{"line":20,"column":321}},"42":{"start":{"line":20,"column":204},"end":{"line":20,"column":278}},"43":{"start":{"line":20,"column":279},"end":{"line":20,"column":291}},"44":{"start":{"line":20,"column":306},"end":{"line":20,"column":319}},"45":{"start":{"line":22,"column":43},"end":{"line":22,"column":373}},"46":{"start":{"line":22,"column":77},"end":{"line":22,"column":108}},"47":{"start":{"line":22,"column":118},"end":{"line":22,"column":371}},"48":{"start":{"line":22,"column":182},"end":{"line":22,"column":188}},"49":{"start":{"line":22,"column":190},"end":{"line":22,"column":212}},"50":{"start":{"line":22,"column":231},"end":{"line":22,"column":261}},"51":{"start":{"line":22,"column":278},"end":{"line":22,"column":295}},"52":{"start":{"line":22,"column":297},"end":{"line":22,"column":351}},"53":{"start":{"line":22,"column":308},"end":{"line":22,"column":351}},"54":{"start":{"line":22,"column":352},"end":{"line":22,"column":368}},"55":{"start":{"line":22,"column":374},"end":{"line":22,"column":415}},"56":{"start":{"line":24,"column":33},"end":{"line":24,"column":99}},"57":{"start":{"line":26,"column":33},"end":{"line":26,"column":138}},"58":{"start":{"line":26,"column":109},"end":{"line":26,"column":125}},"59":{"start":{"line":26,"column":126},"end":{"line":26,"column":135}},"60":{"start":{"line":26,"column":139},"end":{"line":26,"column":168}},"61":{"start":{"line":28,"column":30},"end":{"line":28,"column":176}},"62":{"start":{"line":28,"column":126},"end":{"line":28,"column":173}},"63":{"start":{"line":28,"column":177},"end":{"line":28,"column":203}},"64":{"start":{"line":32,"column":0},"end":{"line":46,"column":26}},"65":{"start":{"line":33,"column":2},"end":{"line":33,"column":34}},"66":{"start":{"line":38,"column":4},"end":{"line":38,"column":40}},"67":{"start":{"line":40,"column":4},"end":{"line":40,"column":96}},"68":{"start":{"line":41,"column":4},"end":{"line":41,"column":26}},"69":{"start":{"line":42,"column":4},"end":{"line":42,"column":17}},"70":{"start":{"line":45,"column":2},"end":{"line":45,"column":22}},"71":{"start":{"line":48,"column":15},"end":{"line":48,"column":27}},"72":{"start":{"line":49,"column":0},"end":{"line":49,"column":30}}},"fnMap":{"0":{"name":"_typeof","decl":{"start":{"line":8,"column":9},"end":{"line":8,"column":16}},"loc":{"start":{"line":8,"column":22},"end":{"line":8,"column":351}},"line":8},"1":{"name":"_typeof","decl":{"start":{"line":8,"column":118},"end":{"line":8,"column":125}},"loc":{"start":{"line":8,"column":131},"end":{"line":8,"column":153}},"line":8},"2":{"name":"_typeof","decl":{"start":{"line":8,"column":183},"end":{"line":8,"column":190}},"loc":{"start":{"line":8,"column":196},"end":{"line":8,"column":325}},"line":8},"3":{"name":"_classCallCheck","decl":{"start":{"line":10,"column":9},"end":{"line":10,"column":24}},"loc":{"start":{"line":10,"column":48},"end":{"line":10,"column":153}},"line":10},"4":{"name":"_possibleConstructorReturn","decl":{"start":{"line":12,"column":9},"end":{"line":12,"column":35}},"loc":{"start":{"line":12,"column":48},"end":{"line":12,"column":177}},"line":12},"5":{"name":"_assertThisInitialized","decl":{"start":{"line":14,"column":9},"end":{"line":14,"column":31}},"loc":{"start":{"line":14,"column":38},"end":{"line":14,"column":166}},"line":14},"6":{"name":"_inherits","decl":{"start":{"line":16,"column":9},"end":{"line":16,"column":18}},"loc":{"start":{"line":16,"column":41},"end":{"line":16,"column":385}},"line":16},"7":{"name":"_wrapNativeSuper","decl":{"start":{"line":18,"column":9},"end":{"line":18,"column":25}},"loc":{"start":{"line":18,"column":33},"end":{"line":18,"column":759}},"line":18},"8":{"name":"_wrapNativeSuper","decl":{"start":{"line":18,"column":127},"end":{"line":18,"column":143}},"loc":{"start":{"line":18,"column":151},"end":{"line":18,"column":724}},"line":18},"9":{"name":"Wrapper","decl":{"start":{"line":18,"column":453},"end":{"line":18,"column":460}},"loc":{"start":{"line":18,"column":463},"end":{"line":18,"column":538}},"line":18},"10":{"name":"isNativeReflectConstruct","decl":{"start":{"line":20,"column":9},"end":{"line":20,"column":33}},"loc":{"start":{"line":20,"column":36},"end":{"line":20,"column":323}},"line":20},"11":{"name":"(anonymous_11)","decl":{"start":{"line":20,"column":261},"end":{"line":20,"column":262}},"loc":{"start":{"line":20,"column":273},"end":{"line":20,"column":275}},"line":20},"12":{"name":"_construct","decl":{"start":{"line":22,"column":9},"end":{"line":22,"column":19}},"loc":{"start":{"line":22,"column":41},"end":{"line":22,"column":417}},"line":22},"13":{"name":"_construct","decl":{"start":{"line":22,"column":140},"end":{"line":22,"column":150}},"loc":{"start":{"line":22,"column":172},"end":{"line":22,"column":370}},"line":22},"14":{"name":"_isNativeFunction","decl":{"start":{"line":24,"column":9},"end":{"line":24,"column":26}},"loc":{"start":{"line":24,"column":31},"end":{"line":24,"column":101}},"line":24},"15":{"name":"_setPrototypeOf","decl":{"start":{"line":26,"column":9},"end":{"line":26,"column":24}},"loc":{"start":{"line":26,"column":31},"end":{"line":26,"column":170}},"line":26},"16":{"name":"_setPrototypeOf","decl":{"start":{"line":26,"column":85},"end":{"line":26,"column":100}},"loc":{"start":{"line":26,"column":107},"end":{"line":26,"column":137}},"line":26},"17":{"name":"_getPrototypeOf","decl":{"start":{"line":28,"column":9},"end":{"line":28,"column":24}},"loc":{"start":{"line":28,"column":28},"end":{"line":28,"column":205}},"line":28},"18":{"name":"_getPrototypeOf","decl":{"start":{"line":28,"column":105},"end":{"line":28,"column":120}},"loc":{"start":{"line":28,"column":124},"end":{"line":28,"column":175}},"line":28},"19":{"name":"(anonymous_19)","decl":{"start":{"line":32,"column":0},"end":{"line":32,"column":1}},"loc":{"start":{"line":32,"column":18},"end":{"line":46,"column":1}},"line":32},"20":{"name":"ErrorHandler","decl":{"start":{"line":35,"column":11},"end":{"line":35,"column":23}},"loc":{"start":{"line":35,"column":41},"end":{"line":43,"column":3}},"line":35}},"branchMap":{"0":{"loc":{"start":{"line":8,"column":24},"end":{"line":8,"column":328}},"type":"if","locations":[{"start":{"line":8,"column":24},"end":{"line":8,"column":328}},{"start":{"line":8,"column":24},"end":{"line":8,"column":328}}],"line":8},"1":{"loc":{"start":{"line":8,"column":28},"end":{"line":8,"column":95}},"type":"binary-expr","locations":[{"start":{"line":8,"column":28},"end":{"line":8,"column":56}},{"start":{"line":8,"column":60},"end":{"line":8,"column":95}}],"line":8},"2":{"loc":{"start":{"line":8,"column":205},"end":{"line":8,"column":322}},"type":"cond-expr","locations":[{"start":{"line":8,"column":301},"end":{"line":8,"column":309}},{"start":{"line":8,"column":312},"end":{"line":8,"column":322}}],"line":8},"3":{"loc":{"start":{"line":8,"column":205},"end":{"line":8,"column":298}},"type":"binary-expr","locations":[{"start":{"line":8,"column":205},"end":{"line":8,"column":208}},{"start":{"line":8,"column":212},"end":{"line":8,"column":240}},{"start":{"line":8,"column":244},"end":{"line":8,"column":270}},{"start":{"line":8,"column":274},"end":{"line":8,"column":298}}],"line":8},"4":{"loc":{"start":{"line":10,"column":50},"end":{"line":10,"column":151}},"type":"if","locations":[{"start":{"line":10,"column":50},"end":{"line":10,"column":151}},{"start":{"line":10,"column":50},"end":{"line":10,"column":151}}],"line":10},"5":{"loc":{"start":{"line":12,"column":50},"end":{"line":12,"column":138}},"type":"if","locations":[{"start":{"line":12,"column":50},"end":{"line":12,"column":138}},{"start":{"line":12,"column":50},"end":{"line":12,"column":138}}],"line":12},"6":{"loc":{"start":{"line":12,"column":54},"end":{"line":12,"column":120}},"type":"binary-expr","locations":[{"start":{"line":12,"column":54},"end":{"line":12,"column":58}},{"start":{"line":12,"column":63},"end":{"line":12,"column":89}},{"start":{"line":12,"column":93},"end":{"line":12,"column":119}}],"line":12},"7":{"loc":{"start":{"line":14,"column":40},"end":{"line":14,"column":151}},"type":"if","locations":[{"start":{"line":14,"column":40},"end":{"line":14,"column":151}},{"start":{"line":14,"column":40},"end":{"line":14,"column":151}}],"line":14},"8":{"loc":{"start":{"line":16,"column":43},"end":{"line":16,"column":182}},"type":"if","locations":[{"start":{"line":16,"column":43},"end":{"line":16,"column":182}},{"start":{"line":16,"column":43},"end":{"line":16,"column":182}}],"line":16},"9":{"loc":{"start":{"line":16,"column":47},"end":{"line":16,"column":102}},"type":"binary-expr","locations":[{"start":{"line":16,"column":47},"end":{"line":16,"column":79}},{"start":{"line":16,"column":83},"end":{"line":16,"column":102}}],"line":16},"10":{"loc":{"start":{"line":16,"column":218},"end":{"line":16,"column":252}},"type":"binary-expr","locations":[{"start":{"line":16,"column":218},"end":{"line":16,"column":228}},{"start":{"line":16,"column":232},"end":{"line":16,"column":252}}],"line":16},"11":{"loc":{"start":{"line":16,"column":329},"end":{"line":16,"column":383}},"type":"if","locations":[{"start":{"line":16,"column":329},"end":{"line":16,"column":383}},{"start":{"line":16,"column":329},"end":{"line":16,"column":383}}],"line":16},"12":{"loc":{"start":{"line":18,"column":48},"end":{"line":18,"column":97}},"type":"cond-expr","locations":[{"start":{"line":18,"column":76},"end":{"line":18,"column":85}},{"start":{"line":18,"column":88},"end":{"line":18,"column":97}}],"line":18},"13":{"loc":{"start":{"line":18,"column":153},"end":{"line":18,"column":215}},"type":"if","locations":[{"start":{"line":18,"column":153},"end":{"line":18,"column":215}},{"start":{"line":18,"column":153},"end":{"line":18,"column":215}}],"line":18},"14":{"loc":{"start":{"line":18,"column":157},"end":{"line":18,"column":200}},"type":"binary-expr","locations":[{"start":{"line":18,"column":157},"end":{"line":18,"column":171}},{"start":{"line":18,"column":175},"end":{"line":18,"column":200}}],"line":18},"15":{"loc":{"start":{"line":18,"column":216},"end":{"line":18,"column":327}},"type":"if","locations":[{"start":{"line":18,"column":216},"end":{"line":18,"column":327}},{"start":{"line":18,"column":216},"end":{"line":18,"column":327}}],"line":18},"16":{"loc":{"start":{"line":18,"column":328},"end":{"line":18,"column":443}},"type":"if","locations":[{"start":{"line":18,"column":328},"end":{"line":18,"column":443}},{"start":{"line":18,"column":328},"end":{"line":18,"column":443}}],"line":18},"17":{"loc":{"start":{"line":18,"column":365},"end":{"line":18,"column":413}},"type":"if","locations":[{"start":{"line":18,"column":365},"end":{"line":18,"column":413}},{"start":{"line":18,"column":365},"end":{"line":18,"column":413}}],"line":18},"18":{"loc":{"start":{"line":20,"column":38},"end":{"line":20,"column":109}},"type":"if","locations":[{"start":{"line":20,"column":38},"end":{"line":20,"column":109}},{"start":{"line":20,"column":38},"end":{"line":20,"column":109}}],"line":20},"19":{"loc":{"start":{"line":20,"column":42},"end":{"line":20,"column":94}},"type":"binary-expr","locations":[{"start":{"line":20,"column":42},"end":{"line":20,"column":72}},{"start":{"line":20,"column":76},"end":{"line":20,"column":94}}],"line":20},"20":{"loc":{"start":{"line":20,"column":110},"end":{"line":20,"column":151}},"type":"if","locations":[{"start":{"line":20,"column":110},"end":{"line":20,"column":151}},{"start":{"line":20,"column":110},"end":{"line":20,"column":151}}],"line":20},"21":{"loc":{"start":{"line":20,"column":152},"end":{"line":20,"column":197}},"type":"if","locations":[{"start":{"line":20,"column":152},"end":{"line":20,"column":197}},{"start":{"line":20,"column":152},"end":{"line":20,"column":197}}],"line":20},"22":{"loc":{"start":{"line":22,"column":43},"end":{"line":22,"column":373}},"type":"if","locations":[{"start":{"line":22,"column":43},"end":{"line":22,"column":373}},{"start":{"line":22,"column":43},"end":{"line":22,"column":373}}],"line":22},"23":{"loc":{"start":{"line":22,"column":297},"end":{"line":22,"column":351}},"type":"if","locations":[{"start":{"line":22,"column":297},"end":{"line":22,"column":351}},{"start":{"line":22,"column":297},"end":{"line":22,"column":351}}],"line":22},"24":{"loc":{"start":{"line":26,"column":51},"end":{"line":26,"column":137}},"type":"binary-expr","locations":[{"start":{"line":26,"column":51},"end":{"line":26,"column":72}},{"start":{"line":26,"column":76},"end":{"line":26,"column":137}}],"line":26},"25":{"loc":{"start":{"line":28,"column":48},"end":{"line":28,"column":175}},"type":"cond-expr","locations":[{"start":{"line":28,"column":72},"end":{"line":28,"column":93}},{"start":{"line":28,"column":96},"end":{"line":28,"column":175}}],"line":28},"26":{"loc":{"start":{"line":28,"column":133},"end":{"line":28,"column":172}},"type":"binary-expr","locations":[{"start":{"line":28,"column":133},"end":{"line":28,"column":144}},{"start":{"line":28,"column":148},"end":{"line":28,"column":172}}],"line":28}},"s":{"0":1,"1":1,"2":1,"3":1,"4":1,"5":0,"6":0,"7":1,"8":1,"9":0,"10":1,"11":1,"12":0,"13":0,"14":0,"15":0,"16":1,"17":0,"18":1,"19":1,"20":1,"21":1,"22":1,"23":1,"24":0,"25":1,"26":0,"27":1,"28":1,"29":0,"30":1,"31":1,"32":1,"33":1,"34":1,"35":1,"36":0,"37":1,"38":0,"39":1,"40":1,"41":0,"42":0,"43":0,"44":0,"45":1,"46":1,"47":0,"48":0,"49":0,"50":0,"51":0,"52":0,"53":0,"54":0,"55":1,"56":1,"57":1,"58":0,"59":0,"60":1,"61":1,"62":0,"63":1,"64":1,"65":1,"66":1,"67":1,"68":1,"69":1,"70":1,"71":1,"72":1},"f":{"0":1,"1":1,"2":0,"3":1,"4":1,"5":0,"6":1,"7":1,"8":1,"9":1,"10":1,"11":0,"12":1,"13":0,"14":1,"15":1,"16":0,"17":1,"18":0,"19":1,"20":1},"b":{"0":[1,0],"1":[1,1],"2":[0,0],"3":[0,0,0,0],"4":[0,1],"5":[1,0],"6":[1,1,0],"7":[0,0],"8":[0,1],"9":[1,0],"10":[1,1],"11":[1,0],"12":[1,0],"13":[0,1],"14":[1,1],"15":[0,1],"16":[1,0],"17":[0,1],"18":[0,1],"19":[1,1],"20":[0,1],"21":[1,0],"22":[1,0],"23":[0,0],"24":[1,0],"25":[1,0],"26":[0,0]},"_coverageSchema":"43e27e138ebf9cfc5966b082cf9a028302ed4184","hash":"7e22f2605d89e0cbcc57a7254f34588d47065c0d","contentHash":"7a197b1e8fe2f986fb4143df7da39ea9a5e98a26e72c2898995ee388e6bf0f2c"},"C:\\Users\\ZBook\\Documents\\devC-Project\\src\\middlewares\\jsonWebToken.js":{"path":"C:\\Users\\ZBook\\Documents\\devC-Project\\src\\middlewares\\jsonWebToken.js","statementMap":{"0":{"start":{"line":3,"column":0},"end":{"line":5,"column":3}},"1":{"start":{"line":6,"column":0},"end":{"line":6,"column":28}},"2":{"start":{"line":8,"column":20},"end":{"line":8,"column":67}},"3":{"start":{"line":10,"column":0},"end":{"line":10,"column":25}},"4":{"start":{"line":12,"column":20},"end":{"line":12,"column":83}},"5":{"start":{"line":14,"column":39},"end":{"line":14,"column":95}},"6":{"start":{"line":16,"column":50},"end":{"line":16,"column":151}},"7":{"start":{"line":16,"column":92},"end":{"line":16,"column":149}},"8":{"start":{"line":18,"column":44},"end":{"line":18,"column":315}},"9":{"start":{"line":18,"column":57},"end":{"line":18,"column":58}},"10":{"start":{"line":18,"column":102},"end":{"line":18,"column":110}},"11":{"start":{"line":18,"column":112},"end":{"line":18,"column":167}},"12":{"start":{"line":18,"column":168},"end":{"line":18,"column":199}},"13":{"start":{"line":18,"column":200},"end":{"line":18,"column":254}},"14":{"start":{"line":18,"column":227},"end":{"line":18,"column":254}},"15":{"start":{"line":18,"column":255},"end":{"line":18,"column":313}},"16":{"start":{"line":20,"column":62},"end":{"line":20,"column":131}},"17":{"start":{"line":20,"column":78},"end":{"line":20,"column":131}},"18":{"start":{"line":20,"column":132},"end":{"line":20,"column":193}},"19":{"start":{"line":20,"column":149},"end":{"line":20,"column":193}},"20":{"start":{"line":20,"column":194},"end":{"line":20,"column":213}},"21":{"start":{"line":24,"column":0},"end":{"line":59,"column":3}},"22":{"start":{"line":26,"column":4},"end":{"line":26,"column":31}},"23":{"start":{"line":29,"column":2},"end":{"line":56,"column":6}},"24":{"start":{"line":32,"column":6},"end":{"line":32,"column":76}},"25":{"start":{"line":37,"column":6},"end":{"line":54,"column":7}},"26":{"start":{"line":38,"column":8},"end":{"line":40,"column":9}},"27":{"start":{"line":39,"column":10},"end":{"line":39,"column":82}},"28":{"start":{"line":42,"column":20},"end":{"line":42,"column":59}},"29":{"start":{"line":44,"column":8},"end":{"line":51,"column":11}},"30":{"start":{"line":45,"column":10},"end":{"line":47,"column":11}},"31":{"start":{"line":46,"column":12},"end":{"line":46,"column":76}},"32":{"start":{"line":49,"column":10},"end":{"line":49,"column":30}},"33":{"start":{"line":50,"column":10},"end":{"line":50,"column":17}},"34":{"start":{"line":53,"column":8},"end":{"line":53,"column":20}},"35":{"start":{"line":58,"column":2},"end":{"line":58,"column":13}},"36":{"start":{"line":61,"column":15},"end":{"line":61,"column":18}},"37":{"start":{"line":62,"column":0},"end":{"line":62,"column":30}}},"fnMap":{"0":{"name":"_interopRequireDefault","decl":{"start":{"line":14,"column":9},"end":{"line":14,"column":31}},"loc":{"start":{"line":14,"column":37},"end":{"line":14,"column":97}},"line":14},"1":{"name":"_classCallCheck","decl":{"start":{"line":16,"column":9},"end":{"line":16,"column":24}},"loc":{"start":{"line":16,"column":48},"end":{"line":16,"column":153}},"line":16},"2":{"name":"_defineProperties","decl":{"start":{"line":18,"column":9},"end":{"line":18,"column":26}},"loc":{"start":{"line":18,"column":42},"end":{"line":18,"column":317}},"line":18},"3":{"name":"_createClass","decl":{"start":{"line":20,"column":9},"end":{"line":20,"column":21}},"loc":{"start":{"line":20,"column":60},"end":{"line":20,"column":215}},"line":20},"4":{"name":"(anonymous_4)","decl":{"start":{"line":24,"column":0},"end":{"line":24,"column":1}},"loc":{"start":{"line":24,"column":12},"end":{"line":59,"column":1}},"line":24},"5":{"name":"JWT","decl":{"start":{"line":25,"column":11},"end":{"line":25,"column":14}},"loc":{"start":{"line":25,"column":17},"end":{"line":27,"column":3}},"line":25},"6":{"name":"generateToken","decl":{"start":{"line":31,"column":20},"end":{"line":31,"column":33}},"loc":{"start":{"line":31,"column":43},"end":{"line":33,"column":5}},"line":31},"7":{"name":"authenticate","decl":{"start":{"line":36,"column":20},"end":{"line":36,"column":32}},"loc":{"start":{"line":36,"column":49},"end":{"line":55,"column":5}},"line":36},"8":{"name":"(anonymous_8)","decl":{"start":{"line":44,"column":71},"end":{"line":44,"column":72}},"loc":{"start":{"line":44,"column":96},"end":{"line":51,"column":9}},"line":44}},"branchMap":{"0":{"loc":{"start":{"line":14,"column":46},"end":{"line":14,"column":94}},"type":"cond-expr","locations":[{"start":{"line":14,"column":70},"end":{"line":14,"column":73}},{"start":{"line":14,"column":76},"end":{"line":14,"column":94}}],"line":14},"1":{"loc":{"start":{"line":14,"column":46},"end":{"line":14,"column":67}},"type":"binary-expr","locations":[{"start":{"line":14,"column":46},"end":{"line":14,"column":49}},{"start":{"line":14,"column":53},"end":{"line":14,"column":67}}],"line":14},"2":{"loc":{"start":{"line":16,"column":50},"end":{"line":16,"column":151}},"type":"if","locations":[{"start":{"line":16,"column":50},"end":{"line":16,"column":151}},{"start":{"line":16,"column":50},"end":{"line":16,"column":151}}],"line":16},"3":{"loc":{"start":{"line":18,"column":136},"end":{"line":18,"column":166}},"type":"binary-expr","locations":[{"start":{"line":18,"column":136},"end":{"line":18,"column":157}},{"start":{"line":18,"column":161},"end":{"line":18,"column":166}}],"line":18},"4":{"loc":{"start":{"line":18,"column":200},"end":{"line":18,"column":254}},"type":"if","locations":[{"start":{"line":18,"column":200},"end":{"line":18,"column":254}},{"start":{"line":18,"column":200},"end":{"line":18,"column":254}}],"line":18},"5":{"loc":{"start":{"line":20,"column":62},"end":{"line":20,"column":131}},"type":"if","locations":[{"start":{"line":20,"column":62},"end":{"line":20,"column":131}},{"start":{"line":20,"column":62},"end":{"line":20,"column":131}}],"line":20},"6":{"loc":{"start":{"line":20,"column":132},"end":{"line":20,"column":193}},"type":"if","locations":[{"start":{"line":20,"column":132},"end":{"line":20,"column":193}},{"start":{"line":20,"column":132},"end":{"line":20,"column":193}}],"line":20},"7":{"loc":{"start":{"line":38,"column":8},"end":{"line":40,"column":9}},"type":"if","locations":[{"start":{"line":38,"column":8},"end":{"line":40,"column":9}},{"start":{"line":38,"column":8},"end":{"line":40,"column":9}}],"line":38},"8":{"loc":{"start":{"line":45,"column":10},"end":{"line":47,"column":11}},"type":"if","locations":[{"start":{"line":45,"column":10},"end":{"line":47,"column":11}},{"start":{"line":45,"column":10},"end":{"line":47,"column":11}}],"line":45}},"s":{"0":1,"1":1,"2":1,"3":1,"4":1,"5":2,"6":0,"7":0,"8":1,"9":1,"10":2,"11":2,"12":2,"13":2,"14":2,"15":2,"16":1,"17":0,"18":1,"19":1,"20":1,"21":1,"22":0,"23":1,"24":5,"25":12,"26":12,"27":0,"28":12,"29":12,"30":12,"31":0,"32":12,"33":12,"34":0,"35":1,"36":1,"37":1},"f":{"0":2,"1":0,"2":1,"3":1,"4":1,"5":0,"6":5,"7":12,"8":12},"b":{"0":[1,1],"1":[2,2],"2":[0,0],"3":[2,2],"4":[2,0],"5":[0,1],"6":[1,0],"7":[0,12],"8":[0,12]},"_coverageSchema":"43e27e138ebf9cfc5966b082cf9a028302ed4184","hash":"11ce378c362a23a150552eb9909455024e0bdab3","contentHash":"6e9934ca7765561fc36f445b98ea840b95a4bce5e07387fc2c8eeadf169a038e"},"C:\\Users\\ZBook\\Documents\\devC-Project\\src\\routes\\gifRoute.js":{"path":"C:\\Users\\ZBook\\Documents\\devC-Project\\src\\routes\\gifRoute.js","statementMap":{"0":{"start":{"line":3,"column":0},"end":{"line":5,"column":3}},"1":{"start":{"line":6,"column":0},"end":{"line":6,"column":28}},"2":{"start":{"line":8,"column":15},"end":{"line":8,"column":33}},"3":{"start":{"line":10,"column":14},"end":{"line":10,"column":55}},"4":{"start":{"line":12,"column":21},"end":{"line":12,"column":84}},"5":{"start":{"line":14,"column":25},"end":{"line":14,"column":92}},"6":{"start":{"line":16,"column":20},"end":{"line":16,"column":82}},"7":{"start":{"line":18,"column":39},"end":{"line":18,"column":95}},"8":{"start":{"line":20,"column":14},"end":{"line":20,"column":48}},"9":{"start":{"line":22,"column":13},"end":{"line":24,"column":18}},"10":{"start":{"line":25,"column":12},"end":{"line":25,"column":34}},"11":{"start":{"line":26,"column":0},"end":{"line":26,"column":142}},"12":{"start":{"line":27,"column":0},"end":{"line":27,"column":105}},"13":{"start":{"line":28,"column":0},"end":{"line":28,"column":104}},"14":{"start":{"line":29,"column":15},"end":{"line":29,"column":20}},"15":{"start":{"line":30,"column":0},"end":{"line":30,"column":30}}},"fnMap":{"0":{"name":"_interopRequireDefault","decl":{"start":{"line":18,"column":9},"end":{"line":18,"column":31}},"loc":{"start":{"line":18,"column":37},"end":{"line":18,"column":97}},"line":18}},"branchMap":{"0":{"loc":{"start":{"line":18,"column":46},"end":{"line":18,"column":94}},"type":"cond-expr","locations":[{"start":{"line":18,"column":70},"end":{"line":18,"column":73}},{"start":{"line":18,"column":76},"end":{"line":18,"column":94}}],"line":18},"1":{"loc":{"start":{"line":18,"column":46},"end":{"line":18,"column":67}},"type":"binary-expr","locations":[{"start":{"line":18,"column":46},"end":{"line":18,"column":49}},{"start":{"line":18,"column":53},"end":{"line":18,"column":67}}],"line":18}},"s":{"0":1,"1":1,"2":1,"3":1,"4":1,"5":1,"6":1,"7":4,"8":1,"9":1,"10":1,"11":1,"12":1,"13":1,"14":1,"15":1},"f":{"0":4},"b":{"0":[3,1],"1":[4,4]},"_coverageSchema":"43e27e138ebf9cfc5966b082cf9a028302ed4184","hash":"cacb8341feebc5704053ad948bcff59cdc9633da","contentHash":"a68adcd525ca13131f3a8b96efb7f3b27a49cca9bcd49fb1988190400d147e5e"},"C:\\Users\\ZBook\\Documents\\devC-Project\\src\\controllers\\gifController.js":{"path":"C:\\Users\\ZBook\\Documents\\devC-Project\\src\\controllers\\gifController.js","statementMap":{"0":{"start":{"line":3,"column":0},"end":{"line":5,"column":3}},"1":{"start":{"line":6,"column":0},"end":{"line":6,"column":28}},"2":{"start":{"line":8,"column":11},"end":{"line":8,"column":59}},"3":{"start":{"line":10,"column":20},"end":{"line":10,"column":83}},"4":{"start":{"line":12,"column":15},"end":{"line":12,"column":67}},"5":{"start":{"line":14,"column":39},"end":{"line":14,"column":95}},"6":{"start":{"line":16,"column":35},"end":{"line":16,"column":115}},"7":{"start":{"line":18,"column":32},"end":{"line":18,"column":103}},"8":{"start":{"line":20,"column":34},"end":{"line":20,"column":160}},"9":{"start":{"line":20,"column":136},"end":{"line":20,"column":160}},"10":{"start":{"line":22,"column":35},"end":{"line":22,"column":164}},"11":{"start":{"line":22,"column":61},"end":{"line":22,"column":149}},"12":{"start":{"line":22,"column":74},"end":{"line":22,"column":75}},"13":{"start":{"line":22,"column":84},"end":{"line":22,"column":105}},"14":{"start":{"line":22,"column":130},"end":{"line":22,"column":147}},"15":{"start":{"line":22,"column":150},"end":{"line":22,"column":162}},"16":{"start":{"line":24,"column":54},"end":{"line":24,"column":73}},"17":{"start":{"line":24,"column":75},"end":{"line":24,"column":326}},"18":{"start":{"line":24,"column":125},"end":{"line":24,"column":161}},"19":{"start":{"line":24,"column":163},"end":{"line":24,"column":292}},"20":{"start":{"line":24,"column":183},"end":{"line":24,"column":292}},"21":{"start":{"line":24,"column":225},"end":{"line":24,"column":288}},"22":{"start":{"line":24,"column":293},"end":{"line":24,"column":324}},"23":{"start":{"line":24,"column":327},"end":{"line":24,"column":339}},"24":{"start":{"line":26,"column":33},"end":{"line":26,"column":501}},"25":{"start":{"line":26,"column":46},"end":{"line":26,"column":47}},"26":{"start":{"line":26,"column":91},"end":{"line":26,"column":131}},"27":{"start":{"line":26,"column":133},"end":{"line":26,"column":499}},"28":{"start":{"line":26,"column":146},"end":{"line":26,"column":239}},"29":{"start":{"line":26,"column":193},"end":{"line":26,"column":235}},"30":{"start":{"line":26,"column":247},"end":{"line":26,"column":499}},"31":{"start":{"line":26,"column":287},"end":{"line":26,"column":361}},"32":{"start":{"line":26,"column":371},"end":{"line":26,"column":497}},"33":{"start":{"line":26,"column":412},"end":{"line":26,"column":493}},"34":{"start":{"line":26,"column":502},"end":{"line":26,"column":516}},"35":{"start":{"line":28,"column":44},"end":{"line":28,"column":195}},"36":{"start":{"line":28,"column":62},"end":{"line":28,"column":166}},"37":{"start":{"line":28,"column":176},"end":{"line":28,"column":193}},"38":{"start":{"line":28,"column":196},"end":{"line":28,"column":207}},"39":{"start":{"line":30,"column":77},"end":{"line":30,"column":175}},"40":{"start":{"line":30,"column":94},"end":{"line":30,"column":107}},"41":{"start":{"line":30,"column":121},"end":{"line":30,"column":131}},"42":{"start":{"line":30,"column":151},"end":{"line":30,"column":165}},"43":{"start":
[...]
start":{"line":53,"column":14},"end":{"line":53,"column":21}},{"start":{"line":54,"column":14},"end":{"line":55,"column":39}}],"line":40},"9":{"loc":{"start":{"line":76,"column":12},"end":{"line":100,"column":13}},"type":"switch","locations":[{"start":{"line":77,"column":14},"end":{"line":82,"column":19}},{"start":{"line":84,"column":14},"end":{"line":92,"column":58}},{"start":{"line":94,"column":14},"end":{"line":95,"column":60}},{"start":{"line":97,"column":14},"end":{"line":97,"column":21}},{"start":{"line":98,"column":14},"end":{"line":99,"column":40}}],"line":76},"10":{"loc":{"start":{"line":87,"column":16},"end":{"line":90,"column":17}},"type":"if","locations":[{"start":{"line":87,"column":16},"end":{"line":90,"column":17}},{"start":{"line":87,"column":16},"end":{"line":90,"column":17}}],"line":87},"11":{"loc":{"start":{"line":120,"column":12},"end":{"line":136,"column":13}},"type":"switch","locations":[{"start":{"line":121,"column":14},"end":{"line":127,"column":19}},{"start":{"line":129,"column":14},"end":{"line":131,"column":60}},{"start":{"line":133,"column":14},"end":{"line":133,"column":21}},{"start":{"line":134,"column":14},"end":{"line":135,"column":40}}],"line":120},"12":{"loc":{"start":{"line":156,"column":12},"end":{"line":167,"column":13}},"type":"switch","locations":[{"start":{"line":157,"column":14},"end":{"line":162,"column":19}},{"start":{"line":164,"column":14},"end":{"line":164,"column":21}},{"start":{"line":165,"column":14},"end":{"line":166,"column":40}}],"line":156},"13":{"loc":{"start":{"line":187,"column":12},"end":{"line":201,"column":13}},"type":"switch","locations":[{"start":{"line":188,"column":14},"end":{"line":192,"column":19}},{"start":{"line":194,"column":14},"end":{"line":196,"column":60}},{"start":{"line":198,"column":14},"end":{"line":198,"column":21}},{"start":{"line":199,"column":14},"end":{"line":200,"column":40}}],"line":187},"14":{"loc":{"start":{"line":221,"column":12},"end":{"line":245,"column":13}},"type":"switch","locations":[{"start":{"line":222,"column":14},"end":{"line":227,"column":19}},{"start":{"line":229,"column":14},"end":{"line":237,"column":77}},{"start":{"line":239,"column":14},"end":{"line":240,"column":60}},{"start":{"line":242,"column":14},"end":{"line":242,"column":21}},{"start":{"line":243,"column":14},"end":{"line":244,"column":40}}],"line":221},"15":{"loc":{"start":{"line":232,"column":16},"end":{"line":235,"column":17}},"type":"if","locations":[{"start":{"line":232,"column":16},"end":{"line":235,"column":17}},{"start":{"line":232,"column":16},"end":{"line":235,"column":17}}],"line":232}},"s":{"0":1,"1":1,"2":1,"3":1,"4":2,"5":18,"6":18,"7":18,"8":0,"9":0,"10":18,"11":9,"12":9,"13":6,"14":9,"15":9,"16":9,"17":9,"18":18,"19":0,"20":9,"21":0,"22":0,"23":1,"24":1,"25":6,"26":6,"27":6,"28":6,"29":6,"30":6,"31":1,"32":0,"33":1,"34":1,"35":1,"36":1,"37":0,"38":1,"39":1,"40":2,"41":6,"42":6,"43":2,"44":2,"45":2,"46":2,"47":0,"48":2,"49":2,"50":2,"51":2,"52":1,"53":1,"54":3,"55":9,"56":12,"57":3,"58":3,"59":3,"60":0,"61":3,"62":3,"63":3,"64":3,"65":0,"66":3,"67":3,"68":3,"69":1,"70":1,"71":1,"72":3,"73":3,"74":1,"75":1,"76":1,"77":1,"78":0,"79":1,"80":1,"81":1,"82":1,"83":1,"84":1,"85":1,"86":2,"87":2,"88":1,"89":1,"90":1,"91":0,"92":1,"93":1,"94":1,"95":1,"96":1,"97":3,"98":3,"99":1,"100":1,"101":0,"102":1,"103":1,"104":1,"105":1,"106":1,"107":1,"108":1,"109":3,"110":4,"111":1,"112":1,"113":1,"114":0,"115":1,"116":1,"117":1,"118":1,"119":0,"120":1,"121":1,"122":1,"123":1,"124":1,"125":1,"126":1},"f":{"0":2,"1":18,"2":6,"3":9,"4":9,"5":18,"6":0,"7":0,"8":1,"9":1,"10":1,"11":0,"12":1,"13":2,"14":6,"15":0,"16":2,"17":1,"18":3,"19":9,"20":0,"21":3,"22":1,"23":1,"24":3,"25":0,"26":1,"27":1,"28":1,"29":2,"30":0,"31":1,"32":1,"33":1,"34":3,"35":0,"36":1,"37":1,"38":1,"39":3,"40":0,"41":1},"b":{"0":[2,0],"1":[2,2],"2":[9,9],"3":[0,0],"4":[6,6],"5":[6,0],"6":[0,1],"7":[1,0],"8":[2,2,0,2],"9":[3,3,3,0,3],"10":[3,0],"11":[1,1,0,1],"12":[1,1,1],"13":[1,1,0,1],"14":[1,1,1,0,1],"15":[1,0]},"_coverageSchema":"43e27e138ebf9cfc5966b082cf9a028302ed4184","hash":"1f3586b2394dd63f55c9498bc95a4a70235a6212","contentHash":"5420998f390cfe1cc9684b543d0b43270bdc75c1305204772c762b394623fc98"},"C:\\Users\\ZBook\\Documents\\devC-Project\\src\\routes\\commentRoute.js":{"path":"C:\\Users\\ZBook\\Documents\\devC-Project\\src\\routes\\commentRoute.js","statementMap":{"0":{"start":{"line":3,"column":0},"end":{"line":5,"column":3}},"1":{"start":{"line":6,"column":0},"end":{"line":6,"column":28}},"2":{"start":{"line":8,"column":15},"end":{"line":8,"column":33}},"3":{"start":{"line":10,"column":25},"end":{"line":10,"column":92}},"4":{"start":{"line":12,"column":20},"end":{"line":12,"column":82}},"5":{"start":{"line":14,"column":39},"end":{"line":14,"column":95}},"6":{"start":{"line":16,"column":12},"end":{"line":16,"column":34}},"7":{"start":{"line":17,"column":0},"end":{"line":17,"column":127}},"8":{"start":{"line":18,"column":0},"end":{"line":18,"column":119}},"9":{"start":{"line":19,"column":15},"end":{"line":19,"column":20}},"10":{"start":{"line":20,"column":0},"end":{"line":20,"column":30}}},"fnMap":{"0":{"name":"_interopRequireDefault","decl":{"start":{"line":14,"column":9},"end":{"line":14,"column":31}},"loc":{"start":{"line":14,"column":37},"end":{"line":14,"column":97}},"line":14}},"branchMap":{"0":{"loc":{"start":{"line":14,"column":46},"end":{"line":14,"column":94}},"type":"cond-expr","locations":[{"start":{"line":14,"column":70},"end":{"line":14,"column":73}},{"start":{"line":14,"column":76},"end":{"line":14,"column":94}}],"line":14},"1":{"loc":{"start":{"line":14,"column":46},"end":{"line":14,"column":67}},"type":"binary-expr","locations":[{"start":{"line":14,"column":46},"end":{"line":14,"column":49}},{"start":{"line":14,"column":53},"end":{"line":14,"column":67}}],"line":14}},"s":{"0":1,"1":1,"2":1,"3":1,"4":1,"5":2,"6":1,"7":1,"8":1,"9":1,"10":1},"f":{"0":2},"b":{"0":[2,0],"1":[2,2]},"_coverageSchema":"43e27e138ebf9cfc5966b082cf9a028302ed4184","hash":"2810318d112584c31d0349b66194b8a3d542b2c4","contentHash":"000489fe27abeb6e8fc0e2a5604f0eeaf13d3e80fb3b7a8747204fefc754d1b1"},"C:\\Users\\ZBook\\Documents\\devC-Project\\src\\controllers\\commentController.js":{"path":"C:\\Users\\ZBook\\Documents\\devC-Project\\src\\controllers\\commentController.js","statementMap":{"0":{"start":{"line":3,"column":0},"end":{"line":5,"column":3}},"1":{"start":{"line":6,"column":0},"end":{"line":6,"column":28}},"2":{"start":{"line":8,"column":11},"end":{"line":8,"column":59}},"3":{"start":{"line":10,"column":15},"end":{"line":10,"column":67}},"4":{"start":{"line":12,"column":15},"end":{"line":12,"column":67}},"5":{"start":{"line":14,"column":39},"end":{"line":14,"column":95}},"6":{"start":{"line":16,"column":77},"end":{"line":16,"column":175}},"7":{"start":{"line":16,"column":94},"end":{"line":16,"column":107}},"8":{"start":{"line":16,"column":121},"end":{"line":16,"column":131}},"9":{"start":{"line":16,"column":151},"end":{"line":16,"column":165}},"10":{"start":{"line":16,"column":166},"end":{"line":16,"column":173}},"11":{"start":{"line":16,"column":176},"end":{"line":16,"column":263}},"12":{"start":{"line":16,"column":193},"end":{"line":16,"column":208}},"13":{"start":{"line":16,"column":218},"end":{"line":16,"column":261}},"14":{"start":{"line":18,"column":33},"end":{"line":18,"column":387}},"15":{"start":{"line":18,"column":65},"end":{"line":18,"column":69}},"16":{"start":{"line":18,"column":78},"end":{"line":18,"column":87}},"17":{"start":{"line":18,"column":89},"end":{"line":18,"column":384}},"18":{"start":{"line":18,"column":147},"end":{"line":18,"column":167}},"19":{"start":{"line":18,"column":193},"end":{"line":18,"column":264}},"20":{"start":{"line":18,"column":290},"end":{"line":18,"column":360}},"21":{"start":{"line":18,"column":363},"end":{"line":18,"column":380}},"22":{"start":{"line":20,"column":50},"end":{"line":20,"column":151}},"23":{"start":{"line":20,"column":92},"end":{"line":20,"column":149}},"24":{"start":{"line":22,"column":44},"end":{"line":22,"column":315}},"25":{"start":{"line":22,"column":57},"end":{"line":22,"column":58}},"26":{"start":{"line":22,"column":102},"end":{"line":22,"column":110}},"27":{"start":{"line":22,"column":112},"end":{"line":22,"column":167}},"28":{"start":{"line":22,"column":168},"end":{"line":22,"column":199}},"29":{"start":{"line":22,"column":200},"end":{"line":22,"column":254}},"30":{"start":{"line":22,"column":227},"end":{"line":22,"column":254}},"31":{"start":{"line":22,"column":255},"end":{"line":22,"column":313}},"32":{"start":{"line":24,"column":62},"end":{"line":24,"column":131}},"33":{"start":{"line":24,"column":78},"end":{"line":24,"column":131}},"34":{"start":{"line":24,"column":132},"end":{"line":24,"column":193}},"35":{"start":{"line":24,"column":149},"end":{"line":24,"column":193}},"36":{"start":{"line":24,"column":194},"end":{"line":24,"column":213}},"37":{"start":{"line":28,"column":0},"end":{"line":146,"column":3}},"38":{"start":{"line":30,"column":4},"end":{"line":30,"column":45}},"39":{"start":{"line":33,"column":2},"end":{"line":143,"column":6}},"40":{"start":{"line":36,"column":34},"end":{"line":81,"column":9}},"41":{"start":{"line":40,"column":8},"end":{"line":80,"column":37}},"42":{"start":{"line":41,"column":10},"end":{"line":79,"column":11}},"43":{"start":{"line":42,"column":12},"end":{"line":78,"column":13}},"44":{"start":{"line":44,"column":16},"end":{"line":44,"column":34}},"45":{"start":{"line":45,"column":16},"end":{"line":45,"column":34}},"46":{"start":{"line":46,"column":16},"end":{"line":46,"column":69}},"47":{"start":{"line":49,"column":16},"end":{"line":49,"column":40}},"48":{"start":{"line":50,"column":16},"end":{"line":50,"column":34}},"49":{"start":{"line":51,"column":16},"end":{"line":51,"column":118}},"50":{"start":{"line":54,"column":16},"end":{"line":54,"column":41}},"51":{"start":{"line":55,"column":16},"end":{"line":55,"column":57}},"52":{"start":{"line":56,"column":16},"end":{"line":62,"column":18}},"53":{"start":{"line":63,"column":16},"end":{"line":66,"column":19}},"54":{"start":{"line":67,"column":16},"end":{"line":67,"column":35}},"55":{"start":{"line":68,"column":16},"end":{"line":68,"column":22}},"56":{"start":{"line":71,"column":16},"end":{"line":71,"column":35}},"57":{"start":{"line":72,"column":16},"end":{"line":72,"column":51}},"58":{"start":{"line":73,"column":16},"end":{"line":73,"column":34}},"59":{"start":{"line":77,"column":16},"end":{"line":77,"column":39}},"60":{"start":{"line":84,"column":8},"end":{"line":84,"column":60}},"61":{"start":{"line":87,"column":6},"end":{"line":87,"column":34}},"62":{"start":{"line":92,"column":30},"end":{"line":135,"column":9}},"63":{"start":{"line":96,"column":8},"end":{"line":134,"column":38}},"64":{"start":{"line":97,"column":10},"end":{"line":133,"column":11}},"65":{"start":{"line":98,"column":12},"end":{"line":132,"column":13}},"66":{"start":{"line":100,"column":16},"end":{"line":100,"column":35}},"67":{"start":{"line":101,"column":16},"end":{"line":101,"column":35}},"68":{"start":{"line":102,"column":16},"end":{"line":102,"column":61}},"69":{"start":{"line":105,"column":16},"end":{"line":105,"column":37}},"70":{"start":{"line":106,"column":16},"end":{"line":106,"column":35}},"71":{"start":{"line":107,"column":16},"end":{"line":107,"column":106}},"72":{"start":{"line":110,"column":16},"end":{"line":110,"column":42}},"73":{"start":{"line":111,"column":16},"end":{"line":116,"column":18}},"74":{"start":{"line":117,"column":16},"end":{"line":120,"column":19}},"75":{"start":{"line":121,"column":16},"end":{"line":121,"column":36}},"76":{"start":{"line":122,"column":16},"end":{"line":122,"column":22}},"77":{"start":{"line":125,"column":16},"end":{"line":125,"column":36}},"78":{"start":{"line":126,"column":16},"end":{"line":126,"column":53}},"79":{"start":{"line":127,"column":16},"end":{"line":127,"column":35}},"80":{"start":{"line":131,"column":16},"end":{"line":131,"column":40}},"81":{"start":{"line":138,"column":8},"end":{"line":138,"column":56}},"82":{"start":{"line":141,"column":6},"end":{"line":141,"column":30}},"83":{"start":{"line":145,"column":2},"end":{"line":145,"column":27}},"84":{"start":{"line":148,"column":15},"end":{"line":148,"column":32}},"85":{"start":{"line":149,"column":0},"end":{"line":149,"column":30}}},"fnMap":{"0":{"name":"_interopRequireDefault","decl":{"start":{"line":14,"column":9},"end":{"line":14,"column":31}},"loc":{"start":{"line":14,"column":37},"end":{"line":14,"column":97}},"line":14},"1":{"name":"asyncGeneratorStep","decl":{"start":{"line":16,"column":9},"end":{"line":16,"column":27}},"loc":{"start":{"line":16,"column":75},"end":{"line":16,"column":265}},"line":16},"2":{"name":"_asyncToGenerator","decl":{"start":{"line":18,"column":9},"end":{"line":18,"column":26}},"loc":{"start":{"line":18,"column":31},"end":{"line":18,"column":389}},"line":18},"3":{"name":"(anonymous_3)","decl":{"start":{"line":18,"column":40},"end":{"line":18,"column":41}},"loc":{"start":{"line":18,"column":52},"end":{"line":18,"column":386}},"line":18},"4":{"name":"(anonymous_4)","decl":{"start":{"line":18,"column":108},"end":{"line":18,"column":109}},"loc":{"start":{"line":18,"column":135},"end":{"line":18,"column":382}},"line":18},"5":{"name":"_next","decl":{"start":{"line":18,"column":178},"end":{"line":18,"column":183}},"loc":{"start":{"line":18,"column":191},"end":{"line":18,"column":266}},"line":18},"6":{"name":"_throw","decl":{"start":{"line":18,"column":276},"end":{"line":18,"column":282}},"loc":{"start":{"line":18,"column":288},"end":{"line":18,"column":362}},"line":18},"7":{"name":"_classCallCheck","decl":{"start":{"line":20,"column":9},"end":{"line":20,"column":24}},"loc":{"start":{"line":20,"column":48},"end":{"line":20,"column":153}},"line":20},"8":{"name":"_defineProperties","decl":{"start":{"line":22,"column":9},"end":{"line":22,"column":26}},"loc":{"start":{"line":22,"column":42},"end":{"line":22,"column":317}},"line":22},"9":{"name":"_createClass","decl":{"start":{"line":24,"column":9},"end":{"line":24,"column":21}},"loc":{"start":{"line":24,"column":60},"end":{"line":24,"column":215}},"line":24},"10":{"name":"(anonymous_10)","decl":{"start":{"line":28,"column":0},"end":{"line":28,"column":1}},"loc":{"start":{"line":28,"column":12},"end":{"line":146,"column":1}},"line":28},"11":{"name":"CommentController","decl":{"start":{"line":29,"column":11},"end":{"line":29,"column":28}},"loc":{"start":{"line":29,"column":31},"end":{"line":31,"column":3}},"line":29},"12":{"name":"(anonymous_12)","decl":{"start":{"line":35,"column":11},"end":{"line":35,"column":12}},"loc":{"start":{"line":35,"column":23},"end":{"line":88,"column":5}},"line":35},"13":{"name":"_callee","decl":{"start":{"line":38,"column":39},"end":{"line":38,"column":46}},"loc":{"start":{"line":38,"column":63},"end":{"line":81,"column":7}},"line":38},"14":{"name":"_callee$","decl":{"start":{"line":40,"column":48},"end":{"line":40,"column":56}},"loc":{"start":{"line":40,"column":67},"end":{"line":80,"column":9}},"line":40},"15":{"name":"createCommentArticle","decl":{"start":{"line":83,"column":15},"end":{"line":83,"column":35}},"loc":{"start":{"line":83,"column":50},"end":{"line":85,"column":7}},"line":83},"16":{"name":"(anonymous_16)","decl":{"start":{"line":91,"column":11},"end":{"line":91,"column":12}},"loc":{"start":{"line":91,"column":23},"end":{"line":142,"column":5}},"line":91},"17":{"name":"_callee2","decl":{"start":{"line":94,"column":39},"end":{"line":94,"column":47}},"loc":{"start":{"line":94,"column":64},"end":{"line":135,"column":7}},"line":94},"18":{"name":"_callee2$","decl":{"start":{"line":96,"column":48},"end":{"line":96,"column":57}},"loc":{"start":{"line":96,"column":69},"end":{"line":134,"column":9}},"line":96},"19":{"name":"createCommentGif","decl":{"start":{"line":137,"column":15},"end":{"line":137,"column":31}},"loc":{"start":{"line":137,"column":47},"end":{"line":139,"column":7}},"line":137}},"branchMap":{"0":{"loc":{"start":{"line":14,"column":46},"end":{"line":14,"column":94}},"type":"cond-expr","locations":[{"start":{"line":14,"column":70},"end":{"line":14,"column":73}},{"start":{"line":14,"column":76},"end":{"line":14,"column":94}}],"line":14},"1":{"loc":{"start":{"line":14,"column":46},"end":{"line":14,"column":67}},"type":"binary-expr","locations":[{"start":{"line":14,"column":46},"end":{"line":14,"column":49}},{"start":{"line":14,"column":53},"end":{"line":14,"column":67}}],"line":14},"2":{"loc":{"start":{"line":16,"column":176},"end":{"line":16,"column":263}},"type":"if","locations":[{"start":{"line":16,"column":176},"end":{"line":16,"column":263}},{"start":{"line":16,"column":176},"end":{"line":16,"column":263}}],"line":16},"3":{"loc":{"start":{"line":20,"column":50},"end":{"line":20,"column":151}},"type":"if","locations":[{"start":{"line":20,"column":50},"end":{"line":20,"column":151}},{"start":{"line":20,"column":50},"end":{"line":20,"column":151}}],"line":20},"4":{"loc":{"start":{"line":22,"column":136},"end":{"line":22,"column":166}},"type":"binary-expr","locations":[{"start":{"line":22,"column":136},"end":{"line":22,"column":157}},{"start":{"line":22,"column":161},"end":{"line":22,"column":166}}],"line":22},"5":{"loc":{"start":{"line":22,"column":200},"end":{"line":22,"column":254}},"type":"if","locations":[{"start":{"line":22,"column":200},"end":{"line":22,"column":254}},{"start":{"line":22,"column":200},"end":{"line":22,"column":254}}],"line":22},"6":{"loc":{"start":{"line":24,"column":62},"end":{"line":24,"column":131}},"type":"if","locations":[{"start":{"line":24,"column":62},"end":{"line":24,"column":131}},{"start":{"line":24,"column":62},"end":{"line":24,"column":131}}],"line":24},"7":{"loc":{"start":{"line":24,"column":132},"end":{"line":24,"column":193}},"type":"if","locations":[{"start":{"line":24,"column":132},"end":{"line":24,"column":193}},{"start":{"line":24,"column":132},"end":{"line":24,"column":193}}],"line":24},"8":{"loc":{"start":{"line":42,"column":12},"end":{"line":78,"column":13}},"type":"switch","locations":[{"start":{"line":43,"column":14},"end":{"line":46,"column":69}},{"start":{"line":48,"column":14},"end":{"line":51,"column":118}},{"start":{"line":53,"column":14},"end":{"line":68,"column":22}},{"start":{"line":70,"column":14},"end":{"line":73,"column":34}},{"start":{"line":75,"column":14},"end":{"line":75,"column":22}},{"start":{"line":76,"column":14},"end":{"line":77,"column":39}}],"line":42},"9":{"loc":{"start":{"line":98,"column":12},"end":{"line":132,"column":13}},"type":"switch","locations":[{"start":{"line":99,"column":14},"end":{"line":102,"column":61}},{"start":{"line":104,"column":14},"end":{"line":107,"column":106}},{"start":{"line":109,"column":14},"end":{"line":122,"column":22}},{"start":{"line":124,"column":14},"end":{"line":127,"column":35}},{"start":{"line":129,"column":14},"end":{"line":129,"column":22}},{"start":{"line":130,"column":14},"end":{"line":131,"column":40}}],"line":98}},"s":{"0":1,"1":1,"2":1,"3":1,"4":1,"5":3,"6":6,"7":6,"8":6,"9":0,"10":0,"11":6,"12":2,"13":4,"14":2,"15":2,"16":2,"17":2,"18":2,"19":6,"20":0,"21":2,"22":0,"23":0,"24":1,"25":1,"26":2,"27":2,"28":2,"29":2,"30":2,"31":2,"32":1,"33":0,"34":1,"35":1,"36":1,"37":1,"38":0,"39":1,"40":1,"41":1,"42":3,"43":4,"44":1,"45":1,"46":1,"47":1,"48":1,"49":1,"50":1,"51":1,"52":1,"53":1,"54":1,"55":1,"56":0,"57":0,"58":0,"59":1,"60":1,"61":1,"62":1,"63":1,"64":3,"65":4,"66":1,"67":1,"68":1,"69":1,"70":1,"71":1,"72":1,"73":1,"74":1,"75":1,"76":1,"77":0,"78":0,"79":0,"80":1,"81":1,"82":1,"83":1,"84":1,"85":1},"f":{"0":3,"1":6,"2":2,"3":2,"4":2,"5":6,"6":0,"7":0,"8":1,"9":1,"10":1,"11":0,"12":1,"13":1,"14":3,"15":1,"16":1,"17":1,"18":3,"19":1},"b":{"0":[3,0],"1":[3,3],"2":[2,4],"3":[0,0],"4":[2,2],"5":[2,0],"6":[0,1],"7":[1,0],"8":[1,1,1,0,1,1],"9":[1,1,1,0,1,1]},"_coverageSchema":"43e27e138ebf9cfc5966b082cf9a028302ed4184","hash":"a2f2b4ded540b7e2fd22e39ce9196e3db2219473","contentHash":"9bf779aae99afbc22d3b9049a8910163fedea2b84f4c4b0eee13cc6dab7cb7f8"}}